#
# A fatal error has been detected by the Java Runtime Environment:
#
#  SIGSEGV (0xb) at pc=0x00000001037924d4, pid=30003, tid=32259
#
# JRE version: OpenJDK Runtime Environment Homebrew (16.0.1) (build 16.0.1+0)
# Java VM: OpenJDK 64-Bit Server VM Homebrew (16.0.1+0, mixed mode, sharing, tiered, compressed oops, compressed class ptrs, g1 gc, bsd-amd64)
# Problematic frame:
# V  [libjvm.dylib+0x7924d4]  SymbolTableLookup::equals(Symbol**, bool*)+0xa
#
# No core dump will be written. Core dumps have been disabled. To enable core dumping, try "ulimit -c unlimited" before starting Java again
#
# If you would like to submit a bug report, please visit:
#   https://github.com/Homebrew/homebrew-core/issues
#

---------------  S U M M A R Y ------------

Command Line: -XX:TieredStopAtLevel=1 -Xverify:none -Dspring.output.ansi.enabled=always -javaagent:/Applications/IntelliJ IDEA.app/Contents/lib/idea_rt.jar=50305:/Applications/IntelliJ IDEA.app/Contents/bin -Dcom.sun.management.jmxremote -Dspring.jmx.enabled=true -Dspring.liveBeansView.mbeanDomain -Dspring.application.admin.enabled=true -Dfile.encoding=UTF-8 de.tomze.backend.BackendApplication

Host: MacBookPro10,1 x86_64 2700 MHz, 8 cores, 16G, Darwin 18.2.0, macOS 10.14.3 (18D109)
Time: Sat Sep 18 00:00:29 2021 CEST elapsed time: 65.301009 seconds (0d 0h 1m 5s)

---------------  T H R E A D  ---------------

Current thread (0x00007fab56237c00):  JavaThread "http-nio-8080-exec-6" daemon [_thread_in_vm, id=32259, stack(0x000070000cc2c000,0x000070000cd2c000)]

Stack: [0x000070000cc2c000,0x000070000cd2c000],  sp=0x000070000cd28030,  free space=1008k
Native frames: (J=compiled Java code, A=aot compiled Java code, j=interpreted, Vv=VM code, C=native code)
V  [libjvm.dylib+0x7924d4]  SymbolTableLookup::equals(Symbol**, bool*)+0xa
V  [libjvm.dylib+0x792485]  ConcurrentHashTable<SymbolTableConfig, (MEMFLAGS)10>::Node* ConcurrentHashTable<SymbolTableConfig, (MEMFLAGS)10>::get_node<SymbolTableLookup>(ConcurrentHashTable<SymbolTableConfig, (MEMFLAGS)10>::Bucket const*, SymbolTableLookup&, bool*, unsigned long*) const+0x43
V  [libjvm.dylib+0x7902da]  SymbolTable::do_lookup(char const*, int, unsigned long)+0xc4
V  [libjvm.dylib+0x1fd1d1]  ClassFileParser::parse_constant_pool_entries(ClassFileStream const*, ConstantPool*, int, Thread*)+0x305
V  [libjvm.dylib+0x1fdb1e]  ClassFileParser::parse_constant_pool(ClassFileStream const*, ConstantPool*, int, Thread*)+0x26
V  [libjvm.dylib+0x208b9d]  ClassFileParser::parse_stream(ClassFileStream const*, Thread*)+0x29d
V  [libjvm.dylib+0x2088cc]  ClassFileParser::ClassFileParser(ClassFileStream*, Symbol*, ClassLoaderData*, ClassLoadInfo const*, ClassFileParser::Publicity, Thread*)+0x288
V  [libjvm.dylib+0x53a7e9]  KlassFactory::create_from_stream(ClassFileStream*, Symbol*, ClassLoaderData*, ClassLoadInfo const&, Thread*)+0xb5
V  [libjvm.dylib+0x7991c3]  SystemDictionary::resolve_from_stream(Symbol*, Handle, Handle, ClassFileStream*, Thread*)+0xdd
V  [libjvm.dylib+0x430592]  jvm_define_class_common(char const*, _jobject*, signed char const*, int, _jobject*, char const*, Thread*)+0x220
V  [libjvm.dylib+0x430e86]  JVM_DefineClassWithSource+0xb9
C  [libjava.dylib+0x3bd4]  Java_java_lang_ClassLoader_defineClass1+0x15e
J 1098  java.lang.ClassLoader.defineClass1(Ljava/lang/ClassLoader;Ljava/lang/String;[BIILjava/security/ProtectionDomain;Ljava/lang/String;)Ljava/lang/Class; java.base@16.0.1 (0 bytes) @ 0x000000010e1db5fd [0x000000010e1db4c0+0x000000000000013d]
J 1194 c1 java.lang.ClassLoader.defineClass(Ljava/lang/String;[BIILjava/security/ProtectionDomain;)Ljava/lang/Class; java.base@16.0.1 (43 bytes) @ 0x000000010e20466c [0x000000010e204560+0x000000000000010c]
J 1108 c1 jdk.internal.loader.BuiltinClassLoader.defineClass(Ljava/lang/String;Ljdk/internal/loader/Resource;)Ljava/lang/Class; java.base@16.0.1 (121 bytes) @ 0x000000010e1dfbf4 [0x000000010e1df720+0x00000000000004d4]
J 1179 c1 jdk.internal.loader.BuiltinClassLoader.findClassOnClassPathOrNull(Ljava/lang/String;)Ljava/lang/Class; java.base@16.0.1 (64 bytes) @ 0x000000010e1fbed4 [0x000000010e1fbc20+0x00000000000002b4]
J 921 c1 jdk.internal.loader.BuiltinClassLoader.loadClassOrNull(Ljava/lang/String;Z)Ljava/lang/Class; java.base@16.0.1 (143 bytes) @ 0x000000010e18ab8c [0x000000010e18a720+0x000000000000046c]
J 1114 c1 jdk.internal.loader.ClassLoaders$AppClassLoader.loadClass(Ljava/lang/String;Z)Ljava/lang/Class; java.base@16.0.1 (40 bytes) @ 0x000000010e1e24d4 [0x000000010e1e2380+0x0000000000000154]
J 957 c1 java.lang.ClassLoader.loadClass(Ljava/lang/String;)Ljava/lang/Class; java.base@16.0.1 (7 bytes) @ 0x000000010e1a0484 [0x000000010e1a0440+0x0000000000000044]
v  ~StubRoutines::call_stub
V  [libjvm.dylib+0x3a63c9]  JavaCalls::call_helper(JavaValue*, methodHandle const&, JavaCallArguments*, Thread*)+0x229
V  [libjvm.dylib+0x3a5828]  JavaCalls::call_virtual(JavaValue*, Klass*, Symbol*, Symbol*, JavaCallArguments*, Thread*)+0xe4
V  [libjvm.dylib+0x3a596d]  JavaCalls::call_virtual(JavaValue*, Handle, Klass*, Symbol*, Symbol*, Handle, Thread*)+0x6f
V  [libjvm.dylib+0x7985c7]  SystemDictionary::load_instance_class(Symbol*, Handle, Thread*)+0x10f
V  [libjvm.dylib+0x79773e]  SystemDictionary::resolve_instance_class_or_null(Symbol*, Handle, Handle, Thread*)+0x4e2
V  [libjvm.dylib+0x796e29]  SystemDictionary::resolve_or_fail(Symbol*, Handle, Handle, bool, Thread*)+0x1b
V  [libjvm.dylib+0x2503aa]  ConstantPool::klass_at_impl(constantPoolHandle const&, int, bool, Thread*)+0x166
V  [libjvm.dylib+0x20b6ad]  ConstantPool::klass_at(int, Thread*)+0x4d
V  [libjvm.dylib+0x39f0ff]  InterpreterRuntime::_new(JavaThread*, ConstantPool*, int)+0x29
j  com.fasterxml.jackson.core.JsonFactory._createParser([CIILcom/fasterxml/jackson/core/io/IOContext;Z)Lcom/fasterxml/jackson/core/JsonParser;+0
j  com.fasterxml.jackson.core.JsonFactory.createParser(Ljava/lang/String;)Lcom/fasterxml/jackson/core/JsonParser;+68
j  com.fasterxml.jackson.databind.ObjectMapper.readValue(Ljava/lang/String;Lcom/fasterxml/jackson/databind/JavaType;)Ljava/lang/Object;+13
j  com.fasterxml.jackson.databind.ObjectMapper.readValue(Ljava/lang/String;Ljava/lang/Class;)Ljava/lang/Object;+17
j  io.jsonwebtoken.impl.DefaultJwtParser.readValue(Ljava/lang/String;)Ljava/util/Map;+8
j  io.jsonwebtoken.impl.DefaultJwtParser.parse(Ljava/lang/String;)Lio/jsonwebtoken/Jwt;+247
j  io.jsonwebtoken.impl.DefaultJwtParser.parse(Ljava/lang/String;Lio/jsonwebtoken/JwtHandler;)Ljava/lang/Object;+14
j  io.jsonwebtoken.impl.DefaultJwtParser.parseClaimsJws(Ljava/lang/String;)Lio/jsonwebtoken/Jws;+10
j  de.tomze.backend.security.JwtService.getClaims(Ljava/lang/String;)Lio/jsonwebtoken/Claims;+16
j  de.tomze.backend.security.JwtAuthFilter.doFilterInternal(Ljavax/servlet/http/HttpServletRequest;Ljavax/servlet/http/HttpServletResponse;Ljavax/servlet/FilterChain;)V+35
j  org.springframework.web.filter.OncePerRequestFilter.doFilter(Ljavax/servlet/ServletRequest;Ljavax/servlet/ServletResponse;Ljavax/servlet/FilterChain;)V+147
j  org.springframework.security.web.FilterChainProxy$VirtualFilterChain.doFilter(Ljavax/servlet/ServletRequest;Ljavax/servlet/ServletResponse;)V+136
j  org.springframework.security.web.authentication.logout.LogoutFilter.doFilter(Ljavax/servlet/http/HttpServletRequest;Ljavax/servlet/http/HttpServletResponse;Ljavax/servlet/FilterChain;)V+77
j  org.springframework.security.web.authentication.logout.LogoutFilter.doFilter(Ljavax/servlet/ServletRequest;Ljavax/servlet/ServletResponse;Ljavax/servlet/FilterChain;)V+10
j  org.springframework.security.web.FilterChainProxy$VirtualFilterChain.doFilter(Ljavax/servlet/ServletRequest;Ljavax/servlet/ServletResponse;)V+136
j  org.springframework.security.web.header.HeaderWriterFilter.doHeadersAfter(Ljavax/servlet/http/HttpServletRequest;Ljavax/servlet/http/HttpServletResponse;Ljavax/servlet/FilterChain;)V+29
j  org.springframework.security.web.header.HeaderWriterFilter.doFilterInternal(Ljavax/servlet/http/HttpServletRequest;Ljavax/servlet/http/HttpServletResponse;Ljavax/servlet/FilterChain;)V+21
j  org.springframework.web.filter.OncePerRequestFilter.doFilter(Ljavax/servlet/ServletRequest;Ljavax/servlet/ServletResponse;Ljavax/servlet/FilterChain;)V+147
j  org.springframework.security.web.FilterChainProxy$VirtualFilterChain.doFilter(Ljavax/servlet/ServletRequest;Ljavax/servlet/ServletResponse;)V+136
j  org.springframework.security.web.context.SecurityContextPersistenceFilter.doFilter(Ljavax/servlet/http/HttpServletRequest;Ljavax/servlet/http/HttpServletResponse;Ljavax/servlet/FilterChain;)V+181
j  org.springframework.security.web.context.SecurityContextPersistenceFilter.doFilter(Ljavax/servlet/ServletRequest;Ljavax/servlet/ServletResponse;Ljavax/servlet/FilterChain;)V+10
j  org.springframework.security.web.FilterChainProxy$VirtualFilterChain.doFilter(Ljavax/servlet/ServletRequest;Ljavax/servlet/ServletResponse;)V+136
j  org.springframework.security.web.context.request.async.WebAsyncManagerIntegrationFilter.doFilterInternal(Ljavax/servlet/http/HttpServletRequest;Ljavax/servlet/http/HttpServletResponse;Ljavax/servlet/FilterChain;)V+42
j  org.springframework.web.filter.OncePerRequestFilter.doFilter(Ljavax/servlet/ServletRequest;Ljavax/servlet/ServletResponse;Ljavax/servlet/FilterChain;)V+147
j  org.springframework.security.web.FilterChainProxy$VirtualFilterChain.doFilter(Ljavax/servlet/ServletRequest;Ljavax/servlet/ServletResponse;)V+136
j  org.springframework.security.web.FilterChainProxy.doFilterInternal(Ljavax/servlet/ServletRequest;Ljavax/servlet/ServletResponse;Ljavax/servlet/FilterChain;)V+148
j  org.springframework.security.web.FilterChainProxy.doFilter(Ljavax/servlet/ServletRequest;Ljavax/servlet/ServletResponse;Ljavax/servlet/FilterChain;)V+48
j  org.springframework.web.filter.DelegatingFilterProxy.invokeDelegate(Ljavax/servlet/Filter;Ljavax/servlet/ServletRequest;Ljavax/servlet/ServletResponse;Ljavax/servlet/FilterChain;)V+5
j  org.springframework.web.filter.DelegatingFilterProxy.doFilter(Ljavax/servlet/ServletRequest;Ljavax/servlet/ServletResponse;Ljavax/servlet/FilterChain;)V+85
j  org.apache.catalina.core.ApplicationFilterChain.internalDoFilter(Ljavax/servlet/ServletRequest;Ljavax/servlet/ServletResponse;)V+135
j  org.apache.catalina.core.ApplicationFilterChain.doFilter(Ljavax/servlet/ServletRequest;Ljavax/servlet/ServletResponse;)V+99
j  org.springframework.web.filter.RequestContextFilter.doFilterInternal(Ljavax/servlet/http/HttpServletRequest;Ljavax/servlet/http/HttpServletResponse;Ljavax/servlet/FilterChain;)V+21
j  org.springframework.web.filter.OncePerRequestFilter.doFilter(Ljavax/servlet/ServletRequest;Ljavax/servlet/ServletResponse;Ljavax/servlet/FilterChain;)V+147
j  org.apache.catalina.core.ApplicationFilterChain.internalDoFilter(Ljavax/servlet/ServletRequest;Ljavax/servlet/ServletResponse;)V+135
j  org.apache.catalina.core.ApplicationFilterChain.doFilter(Ljavax/servlet/ServletRequest;Ljavax/servlet/ServletResponse;)V+99
j  org.springframework.web.filter.FormContentFilter.doFilterInternal(Ljavax/servlet/http/HttpServletRequest;Ljavax/servlet/http/HttpServletResponse;Ljavax/servlet/FilterChain;)V+38
j  org.springframework.web.filter.OncePerRequestFilter.doFilter(Ljavax/servlet/ServletRequest;Ljavax/servlet/ServletResponse;Ljavax/servlet/FilterChain;)V+147
j  org.apache.catalina.core.ApplicationFilterChain.internalDoFilter(Ljavax/servlet/ServletRequest;Ljavax/servlet/ServletResponse;)V+135
j  org.apache.catalina.core.ApplicationFilterChain.doFilter(Ljavax/servlet/ServletRequest;Ljavax/servlet/ServletResponse;)V+99
j  org.springframework.web.filter.CharacterEncodingFilter.doFilterInternal(Ljavax/servlet/http/HttpServletRequest;Ljavax/servlet/http/HttpServletResponse;Ljavax/servlet/FilterChain;)V+53
j  org.springframework.web.filter.OncePerRequestFilter.doFilter(Ljavax/servlet/ServletRequest;Ljavax/servlet/ServletResponse;Ljavax/servlet/FilterChain;)V+147
j  org.apache.catalina.core.ApplicationFilterChain.internalDoFilter(Ljavax/servlet/ServletRequest;Ljavax/servlet/ServletResponse;)V+135
j  org.apache.catalina.core.ApplicationFilterChain.doFilter(Ljavax/servlet/ServletRequest;Ljavax/servlet/ServletResponse;)V+99
j  org.apache.catalina.core.StandardWrapperValve.invoke(Lorg/apache/catalina/connector/Request;Lorg/apache/catalina/connector/Response;)V+694
j  org.apache.catalina.core.StandardContextValve.invoke(Lorg/apache/catalina/connector/Request;Lorg/apache/catalina/connector/Response;)V+169
j  org.apache.catalina.authenticator.AuthenticatorBase.invoke(Lorg/apache/catalina/connector/Request;Lorg/apache/catalina/connector/Response;)V+260
j  org.apache.catalina.core.StandardHostValve.invoke(Lorg/apache/catalina/connector/Request;Lorg/apache/catalina/connector/Response;)V+128
j  org.apache.catalina.valves.ErrorReportValve.invoke(Lorg/apache/catalina/connector/Request;Lorg/apache/catalina/connector/Response;)V+6
j  org.apache.catalina.core.StandardEngineValve.invoke(Lorg/apache/catalina/connector/Request;Lorg/apache/catalina/connector/Response;)V+59
j  org.apache.catalina.connector.CoyoteAdapter.service(Lorg/apache/coyote/Request;Lorg/apache/coyote/Response;)V+199
j  org.apache.coyote.http11.Http11Processor.service(Lorg/apache/tomcat/util/net/SocketWrapperBase;)Lorg/apache/tomcat/util/net/AbstractEndpoint$Handler$SocketState;+737
j  org.apache.coyote.AbstractProcessorLight.process(Lorg/apache/tomcat/util/net/SocketWrapperBase;Lorg/apache/tomcat/util/net/SocketEvent;)Lorg/apache/tomcat/util/net/AbstractEndpoint$Handler$SocketState;+170
j  org.apache.coyote.AbstractProtocol$ConnectionHandler.process(Lorg/apache/tomcat/util/net/SocketWrapperBase;Lorg/apache/tomcat/util/net/SocketEvent;)Lorg/apache/tomcat/util/net/AbstractEndpoint$Handler$SocketState;+505
j  org.apache.tomcat.util.net.NioEndpoint$SocketProcessor.doRun()V+216
j  org.apache.tomcat.util.net.SocketProcessorBase.run()V+21
j  java.util.concurrent.ThreadPoolExecutor.runWorker(Ljava/util/concurrent/ThreadPoolExecutor$Worker;)V+92 java.base@16.0.1
j  java.util.concurrent.ThreadPoolExecutor$Worker.run()V+5 java.base@16.0.1
j  org.apache.tomcat.util.threads.TaskThread$WrappingRunnable.run()V+4
j  java.lang.Thread.run()V+11 java.base@16.0.1
v  ~StubRoutines::call_stub
V  [libjvm.dylib+0x3a63c9]  JavaCalls::call_helper(JavaValue*, methodHandle const&, JavaCallArguments*, Thread*)+0x229
V  [libjvm.dylib+0x3a5828]  JavaCalls::call_virtual(JavaValue*, Klass*, Symbol*, Symbol*, JavaCallArguments*, Thread*)+0xe4
V  [libjvm.dylib+0x3a58e0]  JavaCalls::call_virtual(JavaValue*, Handle, Klass*, Symbol*, Symbol*, Thread*)+0x62
V  [libjvm.dylib+0x43c915]  thread_entry(JavaThread*, Thread*)+0x7c
V  [libjvm.dylib+0x7d6a53]  JavaThread::thread_main_inner()+0xa1
V  [libjvm.dylib+0x7d698c]  JavaThread::run()+0x14c
V  [libjvm.dylib+0x7d4cf7]  Thread::call_run()+0x71
V  [libjvm.dylib+0x6660f2]  thread_native_entry(Thread*)+0xd5
C  [libsystem_pthread.dylib+0x3305]  _pthread_body+0x7e
C  [libsystem_pthread.dylib+0x626f]  _pthread_start+0x46
C  [libsystem_pthread.dylib+0x2415]  thread_start+0xd

Java frames: (J=compiled Java code, j=interpreted, Vv=VM code)
J 1098  java.lang.ClassLoader.defineClass1(Ljava/lang/ClassLoader;Ljava/lang/String;[BIILjava/security/ProtectionDomain;Ljava/lang/String;)Ljava/lang/Class; java.base@16.0.1 (0 bytes) @ 0x000000010e1db580 [0x000000010e1db4c0+0x00000000000000c0]
J 1194 c1 java.lang.ClassLoader.defineClass(Ljava/lang/String;[BIILjava/security/ProtectionDomain;)Ljava/lang/Class; java.base@16.0.1 (43 bytes) @ 0x000000010e20466c [0x000000010e204560+0x000000000000010c]
J 1108 c1 jdk.internal.loader.BuiltinClassLoader.defineClass(Ljava/lang/String;Ljdk/internal/loader/Resource;)Ljava/lang/Class; java.base@16.0.1 (121 bytes) @ 0x000000010e1dfbf4 [0x000000010e1df720+0x00000000000004d4]
J 1179 c1 jdk.internal.loader.BuiltinClassLoader.findClassOnClassPathOrNull(Ljava/lang/String;)Ljava/lang/Class; java.base@16.0.1 (64 bytes) @ 0x000000010e1fbed4 [0x000000010e1fbc20+0x00000000000002b4]
J 921 c1 jdk.internal.loader.BuiltinClassLoader.loadClassOrNull(Ljava/lang/String;Z)Ljava/lang/Class; java.base@16.0.1 (143 bytes) @ 0x000000010e18ab8c [0x000000010e18a720+0x000000000000046c]
J 1114 c1 jdk.internal.loader.ClassLoaders$AppClassLoader.loadClass(Ljava/lang/String;Z)Ljava/lang/Class; java.base@16.0.1 (40 bytes) @ 0x000000010e1e24d4 [0x000000010e1e2380+0x0000000000000154]
J 957 c1 java.lang.ClassLoader.loadClass(Ljava/lang/String;)Ljava/lang/Class; java.base@16.0.1 (7 bytes) @ 0x000000010e1a0484 [0x000000010e1a0440+0x0000000000000044]
v  ~StubRoutines::call_stub
j  com.fasterxml.jackson.core.JsonFactory._createParser([CIILcom/fasterxml/jackson/core/io/IOContext;Z)Lcom/fasterxml/jackson/core/JsonParser;+0
j  com.fasterxml.jackson.core.JsonFactory.createParser(Ljava/lang/String;)Lcom/fasterxml/jackson/core/JsonParser;+68
j  com.fasterxml.jackson.databind.ObjectMapper.readValue(Ljava/lang/String;Lcom/fasterxml/jackson/databind/JavaType;)Ljava/lang/Object;+13
j  com.fasterxml.jackson.databind.ObjectMapper.readValue(Ljava/lang/String;Ljava/lang/Class;)Ljava/lang/Object;+17
j  io.jsonwebtoken.impl.DefaultJwtParser.readValue(Ljava/lang/String;)Ljava/util/Map;+8
j  io.jsonwebtoken.impl.DefaultJwtParser.parse(Ljava/lang/String;)Lio/jsonwebtoken/Jwt;+247
j  io.jsonwebtoken.impl.DefaultJwtParser.parse(Ljava/lang/String;Lio/jsonwebtoken/JwtHandler;)Ljava/lang/Object;+14
j  io.jsonwebtoken.impl.DefaultJwtParser.parseClaimsJws(Ljava/lang/String;)Lio/jsonwebtoken/Jws;+10
j  de.tomze.backend.security.JwtService.getClaims(Ljava/lang/String;)Lio/jsonwebtoken/Claims;+16
j  de.tomze.backend.security.JwtAuthFilter.doFilterInternal(Ljavax/servlet/http/HttpServletRequest;Ljavax/servlet/http/HttpServletResponse;Ljavax/servlet/FilterChain;)V+35
j  org.springframework.web.filter.OncePerRequestFilter.doFilter(Ljavax/servlet/ServletRequest;Ljavax/servlet/ServletResponse;Ljavax/servlet/FilterChain;)V+147
j  org.springframework.security.web.FilterChainProxy$VirtualFilterChain.doFilter(Ljavax/servlet/ServletRequest;Ljavax/servlet/ServletResponse;)V+136
j  org.springframework.security.web.authentication.logout.LogoutFilter.doFilter(Ljavax/servlet/http/HttpServletRequest;Ljavax/servlet/http/HttpServletResponse;Ljavax/servlet/FilterChain;)V+77
j  org.springframework.security.web.authentication.logout.LogoutFilter.doFilter(Ljavax/servlet/ServletRequest;Ljavax/servlet/ServletResponse;Ljavax/servlet/FilterChain;)V+10
j  org.springframework.security.web.FilterChainProxy$VirtualFilterChain.doFilter(Ljavax/servlet/ServletRequest;Ljavax/servlet/ServletResponse;)V+136
j  org.springframework.security.web.header.HeaderWriterFilter.doHeadersAfter(Ljavax/servlet/http/HttpServletRequest;Ljavax/servlet/http/HttpServletResponse;Ljavax/servlet/FilterChain;)V+29
j  org.springframework.security.web.header.HeaderWriterFilter.doFilterInternal(Ljavax/servlet/http/HttpServletRequest;Ljavax/servlet/http/HttpServletResponse;Ljavax/servlet/FilterChain;)V+21
j  org.springframework.web.filter.OncePerRequestFilter.doFilter(Ljavax/servlet/ServletRequest;Ljavax/servlet/ServletResponse;Ljavax/servlet/FilterChain;)V+147
j  org.springframework.security.web.FilterChainProxy$VirtualFilterChain.doFilter(Ljavax/servlet/ServletRequest;Ljavax/servlet/ServletResponse;)V+136
j  org.springframework.security.web.context.SecurityContextPersistenceFilter.doFilter(Ljavax/servlet/http/HttpServletRequest;Ljavax/servlet/http/HttpServletResponse;Ljavax/servlet/FilterChain;)V+181
j  org.springframework.security.web.context.SecurityContextPersistenceFilter.doFilter(Ljavax/servlet/ServletRequest;Ljavax/servlet/ServletResponse;Ljavax/servlet/FilterChain;)V+10
j  org.springframework.security.web.FilterChainProxy$VirtualFilterChain.doFilter(Ljavax/servlet/ServletRequest;Ljavax/servlet/ServletResponse;)V+136
j  org.springframework.security.web.context.request.async.WebAsyncManagerIntegrationFilter.doFilterInternal(Ljavax/servlet/http/HttpServletRequest;Ljavax/servlet/http/HttpServletResponse;Ljavax/servlet/FilterChain;)V+42
j  org.springframework.web.filter.OncePerRequestFilter.doFilter(Ljavax/servlet/ServletRequest;Ljavax/servlet/ServletResponse;Ljavax/servlet/FilterChain;)V+147
j  org.springframework.security.web.FilterChainProxy$VirtualFilterChain.doFilter(Ljavax/servlet/ServletRequest;Ljavax/servlet/ServletResponse;)V+136
j  org.springframework.security.web.FilterChainProxy.doFilterInternal(Ljavax/servlet/ServletRequest;Ljavax/servlet/ServletResponse;Ljavax/servlet/FilterChain;)V+148
j  org.springframework.security.web.FilterChainProxy.doFilter(Ljavax/servlet/ServletRequest;Ljavax/servlet/ServletResponse;Ljavax/servlet/FilterChain;)V+48
j  org.springframework.web.filter.DelegatingFilterProxy.invokeDelegate(Ljavax/servlet/Filter;Ljavax/servlet/ServletRequest;Ljavax/servlet/ServletResponse;Ljavax/servlet/FilterChain;)V+5
j  org.springframework.web.filter.DelegatingFilterProxy.doFilter(Ljavax/servlet/ServletRequest;Ljavax/servlet/ServletResponse;Ljavax/servlet/FilterChain;)V+85
j  org.apache.catalina.core.ApplicationFilterChain.internalDoFilter(Ljavax/servlet/ServletRequest;Ljavax/servlet/ServletResponse;)V+135
j  org.apache.catalina.core.ApplicationFilterChain.doFilter(Ljavax/servlet/ServletRequest;Ljavax/servlet/ServletResponse;)V+99
j  org.springframework.web.filter.RequestContextFilter.doFilterInternal(Ljavax/servlet/http/HttpServletRequest;Ljavax/servlet/http/HttpServletResponse;Ljavax/servlet/FilterChain;)V+21
j  org.springframework.web.filter.OncePerRequestFilter.doFilter(Ljavax/servlet/ServletRequest;Ljavax/servlet/ServletResponse;Ljavax/servlet/FilterChain;)V+147
j  org.apache.catalina.core.ApplicationFilterChain.internalDoFilter(Ljavax/servlet/ServletRequest;Ljavax/servlet/ServletResponse;)V+135
j  org.apache.catalina.core.ApplicationFilterChain.doFilter(Ljavax/servlet/ServletRequest;Ljavax/servlet/ServletResponse;)V+99
j  org.springframework.web.filter.FormContentFilter.doFilterInternal(Ljavax/servlet/http/HttpServletRequest;Ljavax/servlet/http/HttpServletResponse;Ljavax/servlet/FilterChain;)V+38
j  org.springframework.web.filter.OncePerRequestFilter.doFilter(Ljavax/servlet/ServletRequest;Ljavax/servlet/ServletResponse;Ljavax/servlet/FilterChain;)V+147
j  org.apache.catalina.core.ApplicationFilterChain.internalDoFilter(Ljavax/servlet/ServletRequest;Ljavax/servlet/ServletResponse;)V+135
j  org.apache.catalina.core.ApplicationFilterChain.doFilter(Ljavax/servlet/ServletRequest;Ljavax/servlet/ServletResponse;)V+99
j  org.springframework.web.filter.CharacterEncodingFilter.doFilterInternal(Ljavax/servlet/http/HttpServletRequest;Ljavax/servlet/http/HttpServletResponse;Ljavax/servlet/FilterChain;)V+53
j  org.springframework.web.filter.OncePerRequestFilter.doFilter(Ljavax/servlet/ServletRequest;Ljavax/servlet/ServletResponse;Ljavax/servlet/FilterChain;)V+147
j  org.apache.catalina.core.ApplicationFilterChain.internalDoFilter(Ljavax/servlet/ServletRequest;Ljavax/servlet/ServletResponse;)V+135
j  org.apache.catalina.core.ApplicationFilterChain.doFilter(Ljavax/servlet/ServletRequest;Ljavax/servlet/ServletResponse;)V+99
j  org.apache.catalina.core.StandardWrapperValve.invoke(Lorg/apache/catalina/connector/Request;Lorg/apache/catalina/connector/Response;)V+694
j  org.apache.catalina.core.StandardContextValve.invoke(Lorg/apache/catalina/connector/Request;Lorg/apache/catalina/connector/Response;)V+169
j  org.apache.catalina.authenticator.AuthenticatorBase.invoke(Lorg/apache/catalina/connector/Request;Lorg/apache/catalina/connector/Response;)V+260
j  org.apache.catalina.core.StandardHostValve.invoke(Lorg/apache/catalina/connector/Request;Lorg/apache/catalina/connector/Response;)V+128
j  org.apache.catalina.valves.ErrorReportValve.invoke(Lorg/apache/catalina/connector/Request;Lorg/apache/catalina/connector/Response;)V+6
j  org.apache.catalina.core.StandardEngineValve.invoke(Lorg/apache/catalina/connector/Request;Lorg/apache/catalina/connector/Response;)V+59
j  org.apache.catalina.connector.CoyoteAdapter.service(Lorg/apache/coyote/Request;Lorg/apache/coyote/Response;)V+199
j  org.apache.coyote.http11.Http11Processor.service(Lorg/apache/tomcat/util/net/SocketWrapperBase;)Lorg/apache/tomcat/util/net/AbstractEndpoint$Handler$SocketState;+737
j  org.apache.coyote.AbstractProcessorLight.process(Lorg/apache/tomcat/util/net/SocketWrapperBase;Lorg/apache/tomcat/util/net/SocketEvent;)Lorg/apache/tomcat/util/net/AbstractEndpoint$Handler$SocketState;+170
j  org.apache.coyote.AbstractProtocol$ConnectionHandler.process(Lorg/apache/tomcat/util/net/SocketWrapperBase;Lorg/apache/tomcat/util/net/SocketEvent;)Lorg/apache/tomcat/util/net/AbstractEndpoint$Handler$SocketState;+505
j  org.apache.tomcat.util.net.NioEndpoint$SocketProcessor.doRun()V+216
j  org.apache.tomcat.util.net.SocketProcessorBase.run()V+21
j  java.util.concurrent.ThreadPoolExecutor.runWorker(Ljava/util/concurrent/ThreadPoolExecutor$Worker;)V+92 java.base@16.0.1
j  java.util.concurrent.ThreadPoolExecutor$Worker.run()V+5 java.base@16.0.1
j  org.apache.tomcat.util.threads.TaskThread$WrappingRunnable.run()V+4
j  java.lang.Thread.run()V+11 java.base@16.0.1
v  ~StubRoutines::call_stub

siginfo: si_signo: 11 (SIGSEGV), si_code: 1 (SEGV_MAPERR), si_addr: 0x00007fab48d66a78

Register to memory mapping:

RAX=0x0000000000000002 is an unknown value
RBX=0x00007fab48d66a70 is an unknown value
RCX=0x000070000cd280d7 is pointing into the stack for thread: 0x00007fab56237c00
RDX=0x000070000cd28067 is pointing into the stack for thread: 0x00007fab56237c00
RSP=0x000070000cd28030 is pointing into the stack for thread: 0x00007fab56237c00
RBP=0x000070000cd28040 is pointing into the stack for thread: 0x00007fab56237c00
RSI=0x00007fab48d66a78 is an unknown value
RDI=0x000070000cd280a8 is pointing into the stack for thread: 0x00007fab56237c00
R8 =0x000070000cd280c8 is pointing into the stack for thread: 0x00007fab56237c00
R9 =0x0000000000000170 is an unknown value
R10=0xfffffffffffffeee is an unknown value
R11=0x0 is NULL
R12=0x000070000cd280a8 is pointing into the stack for thread: 0x00007fab56237c00
R13=0x000070000cd28067 is pointing into the stack for thread: 0x00007fab56237c00
R14=0x000070000cd28067 is pointing into the stack for thread: 0x00007fab56237c00
R15=0x000070000cd280d7 is pointing into the stack for thread: 0x00007fab56237c00


Registers:
RAX=0x0000000000000002, RBX=0x00007fab48d66a70, RCX=0x000070000cd280d7, RDX=0x000070000cd28067
RSP=0x000070000cd28030, RBP=0x000070000cd28040, RSI=0x00007fab48d66a78, RDI=0x000070000cd280a8
R8 =0x000070000cd280c8, R9 =0x0000000000000170, R10=0xfffffffffffffeee, R11=0x0000000000000000
R12=0x000070000cd280a8, R13=0x000070000cd28067, R14=0x000070000cd28067, R15=0x000070000cd280d7
RIP=0x00000001037924d4, EFLAGS=0x0000000000010202, ERR=0x0000000000000004
  TRAPNO=0x000000000000000e

Top of Stack: (sp=0x000070000cd28030)
0x000070000cd28030:   00007fab48d66a70 0000000000000002
0x000070000cd28040:   000070000cd28090 0000000103792485
0x000070000cd28050:   000070000cd28098 000070000cd280c8
0x000070000cd28060:   000070000cd280d0 0000000000000030
0x000070000cd28070:   0000000000000000 00007fab55237bd0
0x000070000cd28080:   000070000cd280c8 00007fab56237d10
0x000070000cd28090:   000070000cd28100 00000001037902da
0x000070000cd280a0:   000000070cd281f0 00007fab54882f37
0x000070000cd280b0:   00000000b853d8ed 0000000000000007
0x000070000cd280c0:   00007fab54882f37 0000000000000000
0x000070000cd280d0:   000070000cd28100 0000000000000001
0x000070000cd280e0:   00007fab56237c00 0000000000000007
0x000070000cd280f0:   0000000000000163 00007fab54882f37
0x000070000cd28100:   000070000cd28260 00000001031fd1d1
0x000070000cd28110:   000070000cd28590 000000070da1ff7c
0x000070000cd28120:   0000000000000000 0000000000000000
0x000070000cd28130:   000000012b9b41f0 000070000cd28800
0x000070000cd28140:   b853d8ed06d1bce0 0000000300000417
0x000070000cd28150:   00000001039d2010 00007fab54882400
0x000070000cd28160:   00007fab5488c710 00007fab54882f3e
0x000070000cd28170:   000070000cd28900 00000001039f0000
0x000070000cd28180:   000000012b9b41a8 000070000cd284c8
0x000070000cd28190:   0e39fdfe69b555e2 00007fabb084c132
0x000070000cd281a0:   000070000cd281e0 0000000103556d1d
0x000070000cd281b0:   0000013d00000133 0000000100000149
0x000070000cd281c0:   000070000cd28270 000000010d922cc9
0x000070000cd281d0:   0000000900000007 0000000700000037
0x000070000cd281e0:   0000700000001fa0 00007fab56237c00
0x000070000cd281f0:   00007fab54882a59 00007fab54882b23
0x000070000cd28200:   00007fab54882c5d 000070000cd282a0
0x000070000cd28210:   000070000cd28418 0000000000000000
0x000070000cd28220:   000070000cd28500 00007fab56237c00 

Instructions: (pc=0x00000001037924d4)
0x00000001037923d4:   48 89 7b 10 48 f7 d0 48 89 43 18 48 c1 e7 03 be
0x00000001037923e4:   0a 00 00 00 31 d2 e8 3c 8c 95 ff 48 89 03 48 83
0x00000001037923f4:   7b 10 00 74 2b 48 c7 00 00 00 00 00 48 83 7b 10
0x0000000103792404:   02 72 1d b8 01 00 00 00 48 8b 0b 48 c7 04 c1 00
0x0000000103792414:   00 00 00 48 ff c0 48 3b 43 10 72 ec eb 02 31 db
0x0000000103792424:   49 89 1f 48 8b 43 08 49 3b 47 10 41 0f 94 47 28
0x0000000103792434:   48 83 c4 40 5b 41 5c 41 5e 41 5f 5d c3 90 55 48
0x0000000103792444:   89 e5 41 57 41 56 41 55 41 54 53 48 83 ec 18 48
0x0000000103792454:   8b 1e 48 83 e3 fc 74 51 49 89 cf 49 89 d4 4c 89
0x0000000103792464:   45 c8 b8 01 00 00 00 4c 8d 6d d7 49 89 c6 c6 45
0x0000000103792474:   d7 00 48 8d 73 08 4c 89 e7 4c 89 ea e8 45 00 00
0x0000000103792484:   00 84 c0 75 1e 80 7d d7 00 74 0a 41 80 3f 00 75
0x0000000103792494:   04 41 c6 07 01 48 8b 1b 49 8d 46 01 48 85 db 75
0x00000001037924a4:   ca 31 db 4c 8b 45 c8 eb 03 45 31 f6 4d 85 c0 74
0x00000001037924b4:   03 4d 89 30 48 89 d8 48 83 c4 18 5b 41 5c 41 5d
0x00000001037924c4:   41 5e 41 5f 5d c3 55 48 89 e5 41 56 53 49 89 d6
0x00000001037924d4:   48 8b 1e 48 63 57 10 0f b7 43 04 39 c2 75 11 48
0x00000001037924e4:   8b 77 18 48 8d 7b 06 e8 a0 fe 0e 00 85 c0 74 12
0x00000001037924f4:   8b 03 66 85 c0 0f 94 c0 41 88 06 31 c0 5b 41 5e
0x0000000103792504:   5d c3 48 89 df e8 a8 d3 ff ff 89 c1 b0 01 84 c9
0x0000000103792514:   74 e6 eb e9 55 48 89 e5 41 57 41 56 41 55 41 54
0x0000000103792524:   53 48 81 ec 58 08 00 00 4c 89 8d 80 f7 ff ff 4c
0x0000000103792534:   89 85 88 f7 ff ff 49 89 cf 49 89 f5 49 89 fe 48
0x0000000103792544:   8b 05 76 cc 1b 00 48 8b 00 48 89 45 d0 48 8d 85
0x0000000103792554:   cf f7 ff ff c6 00 00 31 db 48 8d 85 98 f7 ff ff
0x0000000103792564:   48 89 18 48 89 95 b0 f7 ff ff 4c 8b 62 08 48 8d
0x0000000103792574:   05 67 08 30 00 b9 01 00 00 00 f0 48 0f c1 08 bf
0x0000000103792584:   10 00 00 00 be 0a 00 00 00 31 d2 e8 97 8a 95 ff
0x0000000103792594:   48 89 c1 31 c0 48 89 85 b8 f7 ff ff 48 89 19 48
0x00000001037925a4:   8d 41 08 48 89 85 90 f7 ff ff 49 8b 07 48 89 8d
0x00000001037925b4:   c0 f7 ff ff 48 89 41 08 49 81 c5 10 01 00 00 49
0x00000001037925c4:   8d 4e 40 4c 89 a5 a8 f7 ff ff 48 89 8d a0 f7 ff 


Stack slot to memory mapping:
stack at sp + 0 slots: 0x00007fab48d66a70 is an unknown value
stack at sp + 1 slots: 0x0000000000000002 is an unknown value
stack at sp + 2 slots: 0x000070000cd28090 is pointing into the stack for thread: 0x00007fab56237c00
stack at sp + 3 slots: 0x0000000103792485: _ZNK19ConcurrentHashTableI17SymbolTableConfigL8MEMFLAGS10EE8get_nodeI17SymbolTableLookupEEPNS2_4NodeEPKNS2_6BucketERT_PbPm+0x43 in /usr/local/Cellar/openjdk/16.0.1/libexec/openjdk.jdk/Contents/Home/lib/server/libjvm.dylib at 0x0000000103000000
stack at sp + 4 slots: 0x000070000cd28098 is pointing into the stack for thread: 0x00007fab56237c00
stack at sp + 5 slots: 0x000070000cd280c8 is pointing into the stack for thread: 0x00007fab56237c00
stack at sp + 6 slots: 0x000070000cd280d0 is pointing into the stack for thread: 0x00007fab56237c00
stack at sp + 7 slots: 0x0000000000000030 is an unknown value


---------------  P R O C E S S  ---------------

Threads class SMR info:
_java_thread_list=0x00007fab58d45600, length=33, elements={
0x00007fab54802000, 0x00007fab56009800, 0x00007fab54800c00, 0x00007fab54015e00,
0x00007fab5600b200, 0x00007fab5600e800, 0x00007fab56103c00, 0x00007fab54016c00,
0x00007fab57092200, 0x00007fab5781e000, 0x00007fab56878000, 0x00007fab562f9c00,
0x00007fab54167a00, 0x00007fab579b1000, 0x00007fab54170600, 0x00007fab5418bc00,
0x00007fab5418c200, 0x00007fab549b5a00, 0x00007fab5482c400, 0x00007fab56336a00,
0x00007fab56338c00, 0x00007fab56237600, 0x00007fab5415f000, 0x00007fab56237c00,
0x00007fab5780b600, 0x00007fab5780bc00, 0x00007fab579ea600, 0x00007fab56238200,
0x00007fab54161c00, 0x00007fab5481da00, 0x00007fab5415f600, 0x00007fab5415fc00,
0x00007fab57a45a00
}

Java Threads: ( => current thread )
  0x00007fab54802000 JavaThread "Reference Handler" daemon [_thread_blocked, id=15619, stack(0x000070000a8c3000,0x000070000a9c3000)]
  0x00007fab56009800 JavaThread "Finalizer" daemon [_thread_blocked, id=16131, stack(0x000070000a9c6000,0x000070000aac6000)]
  0x00007fab54800c00 JavaThread "Signal Dispatcher" daemon [_thread_blocked, id=42755, stack(0x000070000aac9000,0x000070000abc9000)]
  0x00007fab54015e00 JavaThread "Service Thread" daemon [_thread_blocked, id=42499, stack(0x000070000abcc000,0x000070000accc000)]
  0x00007fab5600b200 JavaThread "Monitor Deflation Thread" daemon [_thread_blocked, id=41987, stack(0x000070000accf000,0x000070000adcf000)]
  0x00007fab5600e800 JavaThread "C1 CompilerThread0" daemon [_thread_blocked, id=41731, stack(0x000070000add2000,0x000070000aed2000)]
  0x00007fab56103c00 JavaThread "Sweeper thread" daemon [_thread_blocked, id=41475, stack(0x000070000aed5000,0x000070000afd5000)]
  0x00007fab54016c00 JavaThread "Common-Cleaner" daemon [_thread_blocked, id=40963, stack(0x000070000afd8000,0x000070000b0d8000)]
  0x00007fab57092200 JavaThread "Monitor Ctrl-Break" daemon [_thread_in_native, id=40451, stack(0x000070000b0db000,0x000070000b1db000)]
  0x00007fab5781e000 JavaThread "Notification Thread" daemon [_thread_blocked, id=23555, stack(0x000070000b1de000,0x000070000b2de000)]
  0x00007fab56878000 JavaThread "RMI TCP Accept-0" daemon [_thread_in_native, id=23811, stack(0x000070000b2e1000,0x000070000b3e1000)]
  0x00007fab562f9c00 JavaThread "Attach Listener" daemon [_thread_blocked, id=37635, stack(0x000070000b9f6000,0x000070000baf6000)]
  0x00007fab54167a00 JavaThread "RMI TCP Connection(idle)" daemon [_thread_blocked, id=37379, stack(0x000070000baf9000,0x000070000bbf9000)]
  0x00007fab579b1000 JavaThread "RMI Scheduler(0)" daemon [_thread_blocked, id=37123, stack(0x000070000bbfc000,0x000070000bcfc000)]
  0x00007fab54170600 JavaThread "Catalina-utility-1" [_thread_blocked, id=35847, stack(0x000070000c008000,0x000070000c108000)]
  0x00007fab5418bc00 JavaThread "Catalina-utility-2" [_thread_blocked, id=26627, stack(0x000070000c10b000,0x000070000c20b000)]
  0x00007fab5418c200 JavaThread "container-0" [_thread_blocked, id=27139, stack(0x000070000c311000,0x000070000c411000)]
  0x00007fab549b5a00 JavaThread "HikariPool-1 housekeeper" daemon [_thread_blocked, id=35335, stack(0x000070000c20e000,0x000070000c30e000)]
  0x00007fab5482c400 JavaThread "http-nio-8080-exec-1" daemon [_thread_blocked, id=34055, stack(0x000070000c71d000,0x000070000c81d000)]
  0x00007fab56336a00 JavaThread "http-nio-8080-exec-2" daemon [_thread_blocked, id=33795, stack(0x000070000c820000,0x000070000c920000)]
  0x00007fab56338c00 JavaThread "http-nio-8080-exec-3" daemon [_thread_blocked, id=33283, stack(0x000070000c923000,0x000070000ca23000)]
  0x00007fab56237600 JavaThread "http-nio-8080-exec-4" daemon [_thread_blocked, id=28931, stack(0x000070000ca26000,0x000070000cb26000)]
  0x00007fab5415f000 JavaThread "http-nio-8080-exec-5" daemon [_thread_blocked, id=29187, stack(0x000070000cb29000,0x000070000cc29000)]
=>0x00007fab56237c00 JavaThread "http-nio-8080-exec-6" daemon [_thread_in_vm, id=32259, stack(0x000070000cc2c000,0x000070000cd2c000)]
  0x00007fab5780b600 JavaThread "http-nio-8080-exec-7" daemon [_thread_blocked, id=29443, stack(0x000070000cd2f000,0x000070000ce2f000)]
  0x00007fab5780bc00 JavaThread "http-nio-8080-exec-8" daemon [_thread_blocked, id=31747, stack(0x000070000ce32000,0x000070000cf32000)]
  0x00007fab579ea600 JavaThread "http-nio-8080-exec-9" daemon [_thread_blocked, id=31491, stack(0x000070000cf35000,0x000070000d035000)]
  0x00007fab56238200 JavaThread "http-nio-8080-exec-10" daemon [_thread_blocked, id=31235, stack(0x000070000d038000,0x000070000d138000)]
  0x00007fab54161c00 JavaThread "http-nio-8080-Poller" daemon [_thread_in_native, id=30723, stack(0x000070000d13b000,0x000070000d23b000)]
  0x00007fab5481da00 JavaThread "http-nio-8080-Acceptor" daemon [_thread_in_native, id=43523, stack(0x000070000d23e000,0x000070000d33e000)]
  0x00007fab5415f600 JavaThread "DestroyJavaVM" [_thread_blocked, id=8195, stack(0x000070000a1ae000,0x000070000a2ae000)]
  0x00007fab5415fc00 JavaThread "RMI TCP Connection(idle)" daemon [_thread_blocked, id=86791, stack(0x000070000d341000,0x000070000d441000)]
  0x00007fab57a45a00 JavaThread "RMI TCP Connection(idle)" daemon [_thread_blocked, id=43779, stack(0x000070000d444000,0x000070000d544000)]

Other Threads:
  0x00007fab55111c20 VMThread "VM Thread" [stack: 0x000070000a7c0000,0x000070000a8c0000] [id=15107]
  0x00007fab553155c0 WatcherThread [stack: 0x000070000b3e4000,0x000070000b4e4000] [id=39427]
  0x00007fab55213c50 GCTaskThread "GC Thread#0" [stack: 0x000070000a2b1000,0x000070000a3b1000] [id=18947]
  0x00007fab53d507a0 GCTaskThread "GC Thread#1" [stack: 0x000070000b4e7000,0x000070000b5e7000] [id=39171]
  0x00007fab53d511b0 GCTaskThread "GC Thread#2" [stack: 0x000070000b5ea000,0x000070000b6ea000] [id=38659]
  0x00007fab53d51fb0 GCTaskThread "GC Thread#3" [stack: 0x000070000b6ed000,0x000070000b7ed000] [id=38147]
  0x00007fab53d52db0 GCTaskThread "GC Thread#4" [stack: 0x000070000b7f0000,0x000070000b8f0000] [id=24579]
  0x00007fab53d53bd0 GCTaskThread "GC Thread#5" [stack: 0x000070000b8f3000,0x000070000b9f3000] [id=24835]
  0x00007fab53d90ab0 GCTaskThread "GC Thread#6" [stack: 0x000070000be02000,0x000070000bf02000] [id=26115]
  0x00007fab53c7da20 GCTaskThread "GC Thread#7" [stack: 0x000070000bf05000,0x000070000c005000] [id=26371]
  0x00007fab55214be0 ConcurrentGCThread "G1 Main Marker" [stack: 0x000070000a3b4000,0x000070000a4b4000] [id=18435]
  0x00007fab55215af0 ConcurrentGCThread "G1 Conc#0" [stack: 0x000070000a4b7000,0x000070000a5b7000] [id=13059]
  0x00007fab5560f230 ConcurrentGCThread "G1 Conc#1" [stack: 0x000070000bcff000,0x000070000bdff000] [id=36887]
  0x00007fab552324d0 ConcurrentGCThread "G1 Refine#0" [stack: 0x000070000a5ba000,0x000070000a6ba000] [id=13571]
  0x00007fab58ae8770 ConcurrentGCThread "G1 Refine#1" [stack: 0x000070000c517000,0x000070000c617000] [id=34831]
  0x00007fab53e76bf0 ConcurrentGCThread "G1 Refine#2" [stack: 0x000070000c61a000,0x000070000c71a000] [id=34307]
  0x00007fab552333a0 ConcurrentGCThread "G1 Service" [stack: 0x000070000a6bd000,0x000070000a7bd000] [id=13827]

Threads with active compile tasks:

VM state: not at safepoint (normal execution)

VM Mutex/Monitor currently owned by a thread: None

Heap address: 0x0000000700000000, size: 4096 MB, Compressed Oops mode: Zero based, Oop shift amount: 3

CDS archive(s) mapped at: [0x0000000800000000-0x0000000800bee000-0x0000000800bee000), size 12509184, SharedBaseAddress: 0x0000000800000000, ArchiveRelocationMode: 0.
Compressed class space mapped at: 0x0000000800c00000-0x0000000840c00000, reserved size: 1073741824
Narrow klass base: 0x0000000800000000, Narrow klass shift: 3, Narrow klass range: 0x100000000

GC Precious Log:
 CPUs: 8 total, 8 available
 Memory: 16384M
 Large Page Support: Disabled
 NUMA Support: Disabled
 Compressed Oops: Enabled (Zero based)
 Heap Region Size: 2M
 Heap Min Capacity: 8M
 Heap Initial Capacity: 256M
 Heap Max Capacity: 4G
 Pre-touch: Disabled
 Parallel Workers: 8
 Concurrent Workers: 2
 Concurrent Refinement Workers: 8
 Periodic GC: Disabled

Heap:
 garbage-first heap   total 90112K, used 32200K [0x0000000700000000, 0x0000000800000000)
  region size 2048K, 4 young (8192K), 2 survivors (4096K)
 Metaspace       used 57767K, committed 58176K, reserved 1105920K
  class space    used 7789K, committed 7936K, reserved 1048576K

Heap Regions: E=young(eden), S=young(survivor), O=old, HS=humongous(starts), HC=humongous(continues), CS=collection set, F=free, OA=open archive, CA=closed archive, TAMS=top-at-mark-start (previous, next)
|   0|0x0000000700000000, 0x0000000700200000, 0x0000000700200000|100%| O|  |TAMS 0x0000000700200000, 0x0000000700000000| Untracked 
|   1|0x0000000700200000, 0x0000000700400000, 0x0000000700400000|100%| O|  |TAMS 0x0000000700400000, 0x0000000700200000| Untracked 
|   2|0x0000000700400000, 0x0000000700600000, 0x0000000700600000|100%| O|  |TAMS 0x0000000700600000, 0x0000000700400000| Untracked 
|   3|0x0000000700600000, 0x0000000700753600, 0x0000000700800000| 66%| O|  |TAMS 0x0000000700753600, 0x0000000700600000| Untracked 
|   4|0x0000000700800000, 0x0000000700a00000, 0x0000000700a00000|100%| O|  |TAMS 0x0000000700a00000, 0x0000000700800000| Untracked 
|   5|0x0000000700a00000, 0x0000000700c00000, 0x0000000700c00000|100%| O|  |TAMS 0x0000000700c00000, 0x0000000700a00000| Untracked 
|   6|0x0000000700c00000, 0x0000000700e00000, 0x0000000700e00000|100%| O|  |TAMS 0x0000000700e00000, 0x0000000700c00000| Untracked 
|   7|0x0000000700e00000, 0x0000000701000000, 0x0000000701000000|100%| O|  |TAMS 0x0000000701000000, 0x0000000700e00000| Untracked 
|   8|0x0000000701000000, 0x0000000701200000, 0x0000000701200000|100%| O|  |TAMS 0x0000000701000000, 0x0000000701000000| Untracked 
|   9|0x0000000701200000, 0x0000000701400000, 0x0000000701400000|100%| O|  |TAMS 0x0000000701200000, 0x0000000701200000| Untracked 
|  10|0x0000000701400000, 0x0000000701600000, 0x0000000701600000|100%| O|  |TAMS 0x0000000701400000, 0x0000000701400000| Untracked 
|  11|0x0000000701600000, 0x0000000701800000, 0x0000000701800000|100%| O|  |TAMS 0x0000000701600000, 0x0000000701600000| Untracked 
|  12|0x0000000701800000, 0x00000007019de000, 0x0000000701a00000| 93%| O|  |TAMS 0x0000000701800000, 0x0000000701800000| Untracked 
|  13|0x0000000701a00000, 0x0000000701a00000, 0x0000000701c00000|  0%| F|  |TAMS 0x0000000701a00000, 0x0000000701a00000| Untracked 
|  14|0x0000000701c00000, 0x0000000701c00000, 0x0000000701e00000|  0%| F|  |TAMS 0x0000000701c00000, 0x0000000701c00000| Untracked 
|  15|0x0000000701e00000, 0x0000000701e00000, 0x0000000702000000|  0%| F|  |TAMS 0x0000000701e00000, 0x0000000701e00000| Untracked 
|  16|0x0000000702000000, 0x0000000702000000, 0x0000000702200000|  0%| F|  |TAMS 0x0000000702000000, 0x0000000702000000| Untracked 
|  17|0x0000000702200000, 0x0000000702200000, 0x0000000702400000|  0%| F|  |TAMS 0x0000000702200000, 0x0000000702200000| Untracked 
|  18|0x0000000702400000, 0x0000000702400000, 0x0000000702600000|  0%| F|  |TAMS 0x0000000702400000, 0x0000000702400000| Untracked 
|  19|0x0000000702600000, 0x0000000702600000, 0x0000000702800000|  0%| F|  |TAMS 0x0000000702600000, 0x0000000702600000| Untracked 
|  20|0x0000000702800000, 0x0000000702800000, 0x0000000702a00000|  0%| F|  |TAMS 0x0000000702800000, 0x0000000702800000| Untracked 
|  21|0x0000000702a00000, 0x0000000702a47b90, 0x0000000702c00000| 14%| S|CS|TAMS 0x0000000702a00000, 0x0000000702a00000| Complete 
|  22|0x0000000702c00000, 0x0000000702e00000, 0x0000000702e00000|100%| S|CS|TAMS 0x0000000702c00000, 0x0000000702c00000| Complete 
|  23|0x0000000702e00000, 0x0000000702e00000, 0x0000000703000000|  0%| F|  |TAMS 0x0000000702e00000, 0x0000000702e00000| Untracked 
|  24|0x0000000703000000, 0x0000000703000000, 0x0000000703200000|  0%| F|  |TAMS 0x0000000703000000, 0x0000000703000000| Untracked 
|  25|0x0000000703200000, 0x0000000703200000, 0x0000000703400000|  0%| F|  |TAMS 0x0000000703200000, 0x0000000703200000| Untracked 
|  26|0x0000000703400000, 0x0000000703400000, 0x0000000703600000|  0%| F|  |TAMS 0x0000000703400000, 0x0000000703400000| Untracked 
|  27|0x0000000703600000, 0x0000000703600000, 0x0000000703800000|  0%| F|  |TAMS 0x0000000703600000, 0x0000000703600000| Untracked 
|  28|0x0000000703800000, 0x0000000703800000, 0x0000000703a00000|  0%| F|  |TAMS 0x0000000703800000, 0x0000000703800000| Untracked 
|  29|0x0000000703a00000, 0x0000000703a00000, 0x0000000703c00000|  0%| F|  |TAMS 0x0000000703a00000, 0x0000000703a00000| Untracked 
|  30|0x0000000703c00000, 0x0000000703c00000, 0x0000000703e00000|  0%| F|  |TAMS 0x0000000703c00000, 0x0000000703c00000| Untracked 
|  31|0x0000000703e00000, 0x0000000703e00000, 0x0000000704000000|  0%| F|  |TAMS 0x0000000703e00000, 0x0000000703e00000| Untracked 
|  32|0x0000000704000000, 0x0000000704000000, 0x0000000704200000|  0%| F|  |TAMS 0x0000000704000000, 0x0000000704000000| Untracked 
|  33|0x0000000704200000, 0x0000000704200000, 0x0000000704400000|  0%| F|  |TAMS 0x0000000704200000, 0x0000000704200000| Untracked 
|  34|0x0000000704400000, 0x0000000704400000, 0x0000000704600000|  0%| F|  |TAMS 0x0000000704400000, 0x0000000704400000| Untracked 
|  35|0x0000000704600000, 0x0000000704600000, 0x0000000704800000|  0%| F|  |TAMS 0x0000000704600000, 0x0000000704600000| Untracked 
|  36|0x0000000704800000, 0x0000000704800000, 0x0000000704a00000|  0%| F|  |TAMS 0x0000000704800000, 0x0000000704800000| Untracked 
|  37|0x0000000704a00000, 0x0000000704a00000, 0x0000000704c00000|  0%| F|  |TAMS 0x0000000704a00000, 0x0000000704a00000| Untracked 
|  38|0x0000000704c00000, 0x0000000704c00000, 0x0000000704e00000|  0%| F|  |TAMS 0x0000000704c00000, 0x0000000704c00000| Untracked 
|  53|0x0000000706a00000, 0x0000000706a00000, 0x0000000706c00000|  0%| F|  |TAMS 0x0000000706a00000, 0x0000000706a00000| Untracked 
|  54|0x0000000706c00000, 0x0000000706d49788, 0x0000000706e00000| 64%| E|  |TAMS 0x0000000706c00000, 0x0000000706c00000| Complete 
| 127|0x000000070fe00000, 0x0000000710000000, 0x0000000710000000|100%| E|CS|TAMS 0x000000070fe00000, 0x000000070fe00000| Complete 
|1534|0x00000007bfc00000, 0x00000007bfd75000, 0x00000007bfe00000| 72%|OA|  |TAMS 0x00000007bfd75000, 0x00000007bfc00000| Untracked 
|1535|0x00000007bfe00000, 0x00000007bfe84000, 0x00000007c0000000| 25%|CA|  |TAMS 0x00000007bfe84000, 0x00000007bfe00000| Untracked 

Card table byte_map: [0x000000011d122000,0x000000011d922000] _byte_map_base: 0x0000000119922000

Marking Bits (Prev, Next): (CMBitMap*) 0x00007fab56035a10, (CMBitMap*) 0x00007fab56035a50
 Prev Bits: [0x000000011e122000, 0x0000000122122000)
 Next Bits: [0x0000000122122000, 0x0000000126122000)

Polling page: 0x0000000101eec000

Metaspace:

Usage:
  Non-class:     48.81 MB used.
      Class:      7.61 MB used.
       Both:     56.41 MB used.

Virtual space:
  Non-class space:       56.00 MB reserved,      49.06 MB ( 88%) committed,  7 nodes.
      Class space:        1.00 GB reserved,       7.75 MB ( <1%) committed,  1 nodes.
              Both:        1.05 GB reserved,      56.81 MB (  5%) committed. 

Chunk freelists:
   Non-Class:  2.28 MB
       Class:  192.00 KB
        Both:  2.47 MB

MaxMetaspaceSize: 17179869184.00 GB
CompressedClassSpaceSize: 1.00 GB
 - commit_granule_bytes: 65536.
 - commit_granule_words: 8192.
 - virtual_space_node_default_size: 1048576.
 - enlarge_chunks_in_place: 1.
 - new_chunks_are_fully_committed: 0.
 - uncommit_free_chunks: 1.
 - use_allocation_guard: 0.
 - handle_deallocations: 1.


Internal statistics:

num_allocs_failed_limit: 6.
num_arena_births: 552.
num_arena_deaths: 0.
num_vsnodes_births: 8.
num_vsnodes_deaths: 0.
num_space_committed: 909.
num_space_uncommitted: 0.
num_chunks_returned_to_freelist: 6.
num_chunks_taken_from_freelist: 2570.
num_chunk_merges: 6.
num_chunk_splits: 1836.
num_chunks_enlarged: 1434.
num_purges: 0.

CodeHeap 'non-profiled nmethods': size=238384Kb used=8100Kb max_used=8100Kb free=230283Kb
 bounds [0x000000010e056000, 0x000000010e846000, 0x000000011c922000]
CodeHeap 'non-nmethods': size=7376Kb used=1302Kb max_used=1302Kb free=6073Kb
 bounds [0x000000010d922000, 0x000000010db92000, 0x000000010e056000]
 total_blobs=5740 nmethods=5106 adapters=562
 compilation: enabled
              stopped_count=0, restarted_count=0
 full_count=0

Compilation events (20 events):
Event: 57.654 Thread 0x00007fab5600e800 5097       1       org.springframework.security.web.firewall.StrictHttpFirewall::access$300 (5 bytes)
Event: 57.654 Thread 0x00007fab5600e800 nmethod 5097 0x000000010e83c290 code [0x000000010e83c420, 0x000000010e83c4d0]
Event: 57.657 Thread 0x00007fab5600e800 5098       1       org.hibernate.internal.AbstractSharedSessionContract::getFactory (5 bytes)
Event: 57.658 Thread 0x00007fab5600e800 nmethod 5098 0x000000010e83c590 code [0x000000010e83c720, 0x000000010e83c7f0]
Event: 57.803 Thread 0x00007fab5600e800 5099       1       org.apache.coyote.Response::isCommitted (5 bytes)
Event: 57.804 Thread 0x00007fab5600e800 nmethod 5099 0x000000010e83c890 code [0x000000010e83ca20, 0x000000010e83caf0]
Event: 57.830 Thread 0x00007fab5600e800 5100       1       java.util.concurrent.locks.LockSupport::setBlocker (12 bytes)
Event: 57.831 Thread 0x00007fab5600e800 nmethod 5100 0x000000010e83cb90 code [0x000000010e83cd20, 0x000000010e83ce30]
Event: 61.830 Thread 0x00007fab5600e800 5101       1       java.util.concurrent.ThreadPoolExecutor::workerCountOf (5 bytes)
Event: 61.831 Thread 0x00007fab5600e800 nmethod 5101 0x000000010e83ce90 code [0x000000010e83d020, 0x000000010e83d0d0]
Event: 63.218 Thread 0x00007fab5600e800 5102       1       java.util.concurrent.ScheduledThreadPoolExecutor::canRunInCurrentRunState (61 bytes)
Event: 63.218 Thread 0x00007fab5600e800 nmethod 5102 0x000000010e83d190 code [0x000000010e83d360, 0x000000010e83d620]
Event: 63.831 Thread 0x00007fab5600e800 5103       1       java.util.concurrent.ScheduledThreadPoolExecutor$ScheduledFutureTask::getDelay (16 bytes)
Event: 63.831 Thread 0x00007fab5600e800 nmethod 5103 0x000000010e83d790 code [0x000000010e83d940, 0x000000010e83da40]
Event: 63.831 Thread 0x00007fab5600e800 5104       1       java.util.concurrent.TimeUnit::convert (77 bytes)
Event: 63.831 Thread 0x00007fab5600e800 nmethod 5104 0x000000010e83db10 code [0x000000010e83dd20, 0x000000010e83df80]
Event: 65.289 Thread 0x00007fab5600e800 5105       1       java.nio.charset.CharsetDecoder::decode (136 bytes)
Event: 65.290 Thread 0x00007fab5600e800 nmethod 5105 0x000000010e83e110 code [0x000000010e83e360, 0x000000010e83ebb0]
Event: 65.290 Thread 0x00007fab5600e800 5106       1       javax.servlet.http.HttpServletRequestWrapper::getMethod (10 bytes)
Event: 65.290 Thread 0x00007fab5600e800 nmethod 5106 0x000000010e83f010 code [0x000000010e83f1c0, 0x000000010e83f300]

GC Heap History (20 events):
Event: 1.401 GC heap before
{Heap before GC invocations=1 (full 0):
 garbage-first heap   total 266240K, used 30028K [0x0000000700000000, 0x0000000800000000)
  region size 2048K, 13 young (26624K), 2 survivors (4096K)
 Metaspace       used 13141K, committed 13376K, reserved 1064960K
  class space    used 1706K, committed 1856K, reserved 1048576K
}
Event: 1.408 GC heap after
{Heap after GC invocations=2 (full 0):
 garbage-first heap   total 266240K, used 11700K [0x0000000700000000, 0x0000000800000000)
  region size 2048K, 2 young (4096K), 2 survivors (4096K)
 Metaspace       used 13141K, committed 13376K, reserved 1064960K
  class space    used 1706K, committed 1856K, reserved 1048576K
}
Event: 1.888 GC heap before
{Heap before GC invocations=2 (full 0):
 garbage-first heap   total 266240K, used 64948K [0x0000000700000000, 0x0000000800000000)
  region size 2048K, 29 young (59392K), 2 survivors (4096K)
 Metaspace       used 17675K, committed 17984K, reserved 1073152K
  class space    used 2274K, committed 2432K, reserved 1048576K
}
Event: 1.891 GC heap after
{Heap after GC invocations=3 (full 0):
 garbage-first heap   total 266240K, used 13168K [0x0000000700000000, 0x0000000800000000)
  region size 2048K, 2 young (4096K), 2 survivors (4096K)
 Metaspace       used 17675K, committed 17984K, reserved 1073152K
  class space    used 2274K, committed 2432K, reserved 1048576K
}
Event: 2.540 GC heap before
{Heap before GC invocations=3 (full 0):
 garbage-first heap   total 266240K, used 47984K [0x0000000700000000, 0x0000000800000000)
  region size 2048K, 21 young (43008K), 2 survivors (4096K)
 Metaspace       used 20885K, committed 21248K, reserved 1073152K
  class space    used 2755K, committed 2944K, reserved 1048576K
}
Event: 2.546 GC heap after
{Heap after GC invocations=4 (full 0):
 garbage-first heap   total 266240K, used 14931K [0x0000000700000000, 0x0000000800000000)
  region size 2048K, 3 young (6144K), 3 survivors (6144K)
 Metaspace       used 20885K, committed 21248K, reserved 1073152K
  class space    used 2755K, committed 2944K, reserved 1048576K
}
Event: 3.090 GC heap before
{Heap before GC invocations=5 (full 0):
 garbage-first heap   total 69632K, used 49747K [0x0000000700000000, 0x0000000800000000)
  region size 2048K, 20 young (40960K), 3 survivors (6144K)
 Metaspace       used 25904K, committed 26240K, reserved 1073152K
  class space    used 3457K, committed 3648K, reserved 1048576K
}
Event: 3.099 GC heap after
{Heap after GC invocations=6 (full 0):
 garbage-first heap   total 69632K, used 18026K [0x0000000700000000, 0x0000000800000000)
  region size 2048K, 3 young (6144K), 3 survivors (6144K)
 Metaspace       used 25904K, committed 26240K, reserved 1073152K
  class space    used 3457K, committed 3648K, reserved 1048576K
}
Event: 3.105 GC heap before
{Heap before GC invocations=6 (full 0):
 garbage-first heap   total 69632K, used 42602K [0x0000000700000000, 0x0000000800000000)
  region size 2048K, 16 young (32768K), 3 survivors (6144K)
 Metaspace       used 25904K, committed 26240K, reserved 1073152K
  class space    used 3457K, committed 3648K, reserved 1048576K
}
Event: 3.111 GC heap after
{Heap after GC invocations=7 (full 0):
 garbage-first heap   total 69632K, used 17774K [0x0000000700000000, 0x0000000800000000)
  region size 2048K, 1 young (2048K), 1 survivors (2048K)
 Metaspace       used 25904K, committed 26240K, reserved 1073152K
  class space    used 3457K, committed 3648K, reserved 1048576K
}
Event: 3.313 GC heap before
{Heap before GC invocations=7 (full 0):
 garbage-first heap   total 69632K, used 44398K [0x0000000700000000, 0x0000000800000000)
  region size 2048K, 15 young (30720K), 1 survivors (2048K)
 Metaspace       used 27701K, committed 28032K, reserved 1073152K
  class space    used 3719K, committed 3904K, reserved 1048576K
}
Event: 3.318 GC heap after
{Heap after GC invocations=8 (full 0):
 garbage-first heap   total 149504K, used 18825K [0x0000000700000000, 0x0000000800000000)
  region size 2048K, 1 young (2048K), 1 survivors (2048K)
 Metaspace       used 27701K, committed 28032K, reserved 1073152K
  class space    used 3719K, committed 3904K, reserved 1048576K
}
Event: 4.328 GC heap before
{Heap before GC invocations=8 (full 0):
 garbage-first heap   total 149504K, used 49545K [0x0000000700000000, 0x0000000800000000)
  region size 2048K, 17 young (34816K), 1 survivors (2048K)
 Metaspace       used 35170K, committed 35520K, reserved 1081344K
  class space    used 4760K, committed 4992K, reserved 1048576K
}
Event: 4.332 GC heap after
{Heap after GC invocations=9 (full 0):
 garbage-first heap   total 149504K, used 20758K [0x0000000700000000, 0x0000000800000000)
  region size 2048K, 2 young (4096K), 2 survivors (4096K)
 Metaspace       used 35170K, committed 35520K, reserved 1081344K
  class space    used 4760K, committed 4992K, reserved 1048576K
}
Event: 5.144 GC heap before
{Heap before GC invocations=10 (full 0):
 garbage-first heap   total 90112K, used 69910K [0x0000000700000000, 0x0000000800000000)
  region size 2048K, 26 young (53248K), 2 survivors (4096K)
 Metaspace       used 44887K, committed 45248K, reserved 1089536K
  class space    used 6179K, committed 6336K, reserved 1048576K
}
Event: 5.149 GC heap after
{Heap after GC invocations=11 (full 0):
 garbage-first heap   total 90112K, used 23774K [0x0000000700000000, 0x0000000800000000)
  region size 2048K, 3 young (6144K), 3 survivors (6144K)
 Metaspace       used 44887K, committed 45248K, reserved 1089536K
  class space    used 6179K, committed 6336K, reserved 1048576K
}
Event: 5.747 GC heap before
{Heap before GC invocations=11 (full 0):
 garbage-first heap   total 90112K, used 66782K [0x0000000700000000, 0x0000000800000000)
  region size 2048K, 24 young (49152K), 3 survivors (6144K)
 Metaspace       used 51425K, committed 51904K, reserved 1097728K
  class space    used 7053K, committed 7296K, reserved 1048576K
}
Event: 5.755 GC heap after
{Heap after GC invocations=12 (full 0):
 garbage-first heap   total 90112K, used 27920K [0x0000000700000000, 0x0000000800000000)
  region size 2048K, 3 young (6144K), 3 survivors (6144K)
 Metaspace       used 51425K, committed 51904K, reserved 1097728K
  class space    used 7053K, committed 7296K, reserved 1048576K
}
Event: 34.447 GC heap before
{Heap before GC invocations=12 (full 0):
 garbage-first heap   total 90112K, used 64784K [0x0000000700000000, 0x0000000800000000)
  region size 2048K, 22 young (45056K), 3 survivors (6144K)
 Metaspace       used 57639K, committed 58048K, reserved 1105920K
  class space    used 7773K, committed 7936K, reserved 1048576K
}
Event: 34.453 GC heap after
{Heap after GC invocations=13 (full 0):
 garbage-first heap   total 90112K, used 30152K [0x0000000700000000, 0x0000000800000000)
  region size 2048K, 2 young (4096K), 2 survivors (4096K)
 Metaspace       used 57639K, committed 58048K, reserved 1105920K
  class space    used 7773K, committed 7936K, reserved 1048576K
}

Deoptimization events (6 events):
Event: 2.356 Thread 0x00007fab54800000 DEOPT PACKING pc=0x000000010e366fb4 sp=0x000070000a2ac3d0
Event: 2.356 Thread 0x00007fab54800000 DEOPT UNPACKING pc=0x000000010d96fbba sp=0x000070000a2ab948 mode 0
Event: 5.559 Thread 0x00007fab54800000 DEOPT PACKING pc=0x000000010e3855b8 sp=0x000070000a2a9070
Event: 5.559 Thread 0x00007fab54800000 DEOPT UNPACKING pc=0x000000010d96fbba sp=0x000070000a2a85a8 mode 3
Event: 5.559 Thread 0x00007fab54800000 DEOPT PACKING pc=0x000000010e30f512 sp=0x000070000a2a9040
Event: 5.559 Thread 0x00007fab54800000 DEOPT UNPACKING pc=0x000000010d96fbba sp=0x000070000a2a85a8 mode 3

Classes unloaded (0 events):
No events

Classes redefined (0 events):
No events

Internal exceptions (20 events):
Event: 5.386 Thread 0x00007fab54800000 Exception <a 'java/lang/ClassNotFoundException'{0x0000000704055778}: org/springframework/security/config/annotation/web/configuration/WebSecurityConfigurationCustomizer> (0x0000000704055778) 
thrown [./src/hotspot/share/classfile/systemDictionary.cpp, line 256]
Event: 5.387 Thread 0x00007fab54800000 Exception <a 'java/lang/ClassNotFoundException'{0x0000000704064028}: org/springframework/context/annotation/ImportAwareCustomizer> (0x0000000704064028) 
thrown [./src/hotspot/share/classfile/systemDictionary.cpp, line 256]
Event: 5.387 Thread 0x00007fab54800000 Exception <a 'java/lang/ClassNotFoundException'{0x0000000704068a18}: org/springframework/beans/factory/AwareCustomizer> (0x0000000704068a18) 
thrown [./src/hotspot/share/classfile/systemDictionary.cpp, line 256]
Event: 5.387 Thread 0x00007fab54800000 Exception <a 'java/lang/ClassNotFoundException'{0x000000070406c808}: org/springframework/beans/factory/BeanClassLoaderAwareCustomizer> (0x000000070406c808) 
thrown [./src/hotspot/share/classfile/systemDictionary.cpp, line 256]
Event: 5.387 Thread 0x00007fab54800000 Exception <a 'java/lang/ClassNotFoundException'{0x0000000704071208}: org/springframework/beans/factory/AwareCustomizer> (0x0000000704071208) 
thrown [./src/hotspot/share/classfile/systemDictionary.cpp, line 256]
Event: 5.477 Thread 0x00007fab54800000 Exception <a 'java/lang/ClassNotFoundException'{0x0000000703ad2f48}: java/lang/ObjectCustomizer> (0x0000000703ad2f48) 
thrown [./src/hotspot/share/classfile/systemDictionary.cpp, line 256]
Event: 5.478 Thread 0x00007fab54800000 Exception <a 'java/lang/ClassNotFoundException'{0x0000000703adabf0}: org/springframework/security/config/annotation/web/configuration/HttpSecurityConfigurationCustomizer> (0x0000000703adabf0) 
thrown [./src/hotspot/share/classfile/systemDictionary.cpp, line 256]
Event: 5.596 Thread 0x00007fab54800000 Exception <a 'java/lang/NoSuchMethodError'{0x0000000703322778}: 'void java.lang.invoke.DirectMethodHandle$Holder.invokeVirtual(java.lang.Object, java.lang.Object, int)'> (0x0000000703322778) 
thrown [./src/hotspot/share/interpreter/linkResolver.cpp, line 790]
Event: 5.598 Thread 0x00007fab54800000 Exception <a 'java/lang/NoSuchMethodError'{0x000000070333dcd8}: 'void java.lang.invoke.DirectMethodHandle$Holder.invokeVirtual(java.lang.Object, java.lang.Object, long)'> (0x000000070333dcd8) 
thrown [./src/hotspot/share/interpreter/linkResolver.cpp, line 790]
Event: 5.672 Thread 0x00007fab54800000 Exception <a 'java/lang/IncompatibleClassChangeError'{0x0000000702c14e10}: Found class java.lang.Object, but interface was expected> (0x0000000702c14e10) 
thrown [./src/hotspot/share/interpreter/linkResolver.cpp, line 857]
Event: 5.805 Thread 0x00007fab54800000 Exception <a 'java/lang/NoSuchMethodError'{0x0000000706dfacc8}: 'java.lang.Object java.lang.invoke.DirectMethodHandle$Holder.invokeSpecial(java.lang.Object, java.lang.Object, int, java.lang.Object, int, java.lang.Object)'> (0x0000000706dfacc8) 
thrown [./src/hotspot/share/interpreter/linkResolver.cpp, line 790]
Event: 5.805 Thread 0x00007fab54800000 Exception <a 'java/lang/NoSuchMethodError'{0x0000000706a03558}: 'java.lang.Object java.lang.invoke.DirectMethodHandle$Holder.newInvokeSpecial(java.lang.Object, java.lang.Object, int, java.lang.Object, int)'> (0x0000000706a03558) 
thrown [./src/hotspot/share/interpreter/linkResolver.cpp, line 790]
Event: 5.806 Thread 0x00007fab54800000 Exception <a 'java/lang/NoSuchMethodError'{0x0000000706a07768}: 'java.lang.Object java.lang.invoke.DirectMethodHandle$Holder.invokeSpecial(java.lang.Object, java.lang.Object, java.lang.Object, int, java.lang.Object, int)'> (0x0000000706a07768) 
thrown [./src/hotspot/share/interpreter/linkResolver.cpp, line 790]
Event: 5.807 Thread 0x00007fab54800000 Exception <a 'java/lang/NoSuchMethodError'{0x0000000706a11d10}: 'void java.lang.invoke.DirectMethodHandle$Holder.invokeVirtual(java.lang.Object, java.lang.Object)'> (0x0000000706a11d10) 
thrown [./src/hotspot/share/interpreter/linkResolver.cpp, line 790]
Event: 14.944 Thread 0x00007fab5482c400 Exception <a 'java/lang/reflect/InvocationTargetException'{0x0000000703962218}> (0x0000000703962218) 
thrown [./src/hotspot/share/runtime/reflection.cpp, line 1157]
Event: 28.899 Thread 0x00007fab56336a00 Exception <a 'java/lang/reflect/InvocationTargetException'{0x000000070320ecd0}> (0x000000070320ecd0) 
thrown [./src/hotspot/share/runtime/reflection.cpp, line 1157]
Event: 28.909 Thread 0x00007fab56336a00 Exception <a 'java/lang/ClassNotFoundException'{0x000000070328e8e8}: java/lang/ObjectCustomizer> (0x000000070328e8e8) 
thrown [./src/hotspot/share/classfile/systemDictionary.cpp, line 256]
Event: 28.910 Thread 0x00007fab56336a00 Exception <a 'java/lang/ClassNotFoundException'{0x00000007032993c0}: de/tomze/backend/model/UserEntityCustomizer> (0x00000007032993c0) 
thrown [./src/hotspot/share/classfile/systemDictionary.cpp, line 256]
Event: 34.319 Thread 0x00007fab56338c00 Exception <a 'java/lang/NoSuchMethodError'{0x0000000706b7c3f8}: 'java.lang.Object java.lang.invoke.DirectMethodHandle$Holder.invokeStaticInit(java.lang.Object, java.lang.Object, java.lang.Object, java.lang.Object, java.lang.Object, java.lang.Object)'> (0x0000000706b7c3f8) 
thrown [./src/hotspot/share/interpreter/linkResolver.cpp, line 790]
Event: 57.670 Thread 0x00007fab5415f000 Exception <a 'java/lang/reflect/InvocationTargetException'{0x000000070fef8fb8}> (0x000000070fef8fb8) 
thrown [./src/hotspot/share/runtime/reflection.cpp, line 1157]

Events (20 events):
Event: 34.443 loading class javax/crypto/spec/SecretKeySpec
Event: 34.443 loading class javax/crypto/SecretKey
Event: 34.443 loading class javax/crypto/SecretKey done
Event: 34.443 loading class javax/crypto/spec/SecretKeySpec done
Event: 34.447 Executing  VM operation: G1CollectForAllocation
Event: 34.453 Executing  VM operation: G1CollectForAllocation done
Event: 34.458 loading class javax/crypto/Mac
Event: 34.459 loading class javax/crypto/Mac done
Event: 34.459 loading class com/sun/crypto/provider/HmacCore$HmacSHA256
Event: 34.459 loading class com/sun/crypto/provider/HmacCore
Event: 34.459 loading class javax/crypto/MacSpi
Event: 34.459 loading class javax/crypto/MacSpi done
Event: 34.459 loading class com/sun/crypto/provider/HmacCore done
Event: 34.459 loading class com/sun/crypto/provider/HmacCore$HmacSHA256 done
Event: 34.459 loading class java/security/NoSuchAlgorithmException
Event: 34.459 loading class java/security/NoSuchAlgorithmException done
Event: 46.483 Executing  VM operation: Cleanup
Event: 46.483 Executing  VM operation: Cleanup done
Event: 58.510 Executing  VM operation: Cleanup
Event: 58.510 Executing  VM operation: Cleanup done


Dynamic libraries:
0x00007fff68e78000 	/usr/lib/libz.1.dylib
0x0000000101ebe000 	/usr/local/Cellar/openjdk/16.0.1/libexec/openjdk.jdk/Contents/Home/lib/libjli.dylib
0x00007fff3b528000 	/System/Library/Frameworks/Cocoa.framework/Versions/A/Cocoa
0x00007fff47815000 	/System/Library/Frameworks/Security.framework/Versions/A/Security
0x00007fff3a12f000 	/System/Library/Frameworks/ApplicationServices.framework/Versions/A/ApplicationServices
0x00007fff66475000 	/usr/lib/libSystem.B.dylib
0x00007fff68efb000 	/usr/lib/system/libcache.dylib
0x00007fff68f00000 	/usr/lib/system/libcommonCrypto.dylib
0x00007fff68f0b000 	/usr/lib/system/libcompiler_rt.dylib
0x00007fff68f13000 	/usr/lib/system/libcopyfile.dylib
0x00007fff68f1d000 	/usr/lib/system/libcorecrypto.dylib
0x00007fff69028000 	/usr/lib/system/libdispatch.dylib
0x00007fff69063000 	/usr/lib/system/libdyld.dylib
0x00007fff69093000 	/usr/lib/system/libkeymgr.dylib
0x00007fff690a1000 	/usr/lib/system/liblaunch.dylib
0x00007fff690a2000 	/usr/lib/system/libmacho.dylib
0x00007fff690a8000 	/usr/lib/system/libquarantine.dylib
0x00007fff690ab000 	/usr/lib/system/libremovefile.dylib
0x00007fff690ad000 	/usr/lib/system/libsystem_asl.dylib
0x00007fff690c5000 	/usr/lib/system/libsystem_blocks.dylib
0x00007fff690c6000 	/usr/lib/system/libsystem_c.dylib
0x00007fff6914f000 	/usr/lib/system/libsystem_configuration.dylib
0x00007fff69153000 	/usr/lib/system/libsystem_coreservices.dylib
0x00007fff69157000 	/usr/lib/system/libsystem_darwin.dylib
0x00007fff6915e000 	/usr/lib/system/libsystem_dnssd.dylib
0x00007fff69165000 	/usr/lib/system/libsystem_info.dylib
0x00007fff691db000 	/usr/lib/system/libsystem_m.dylib
0x00007fff69227000 	/usr/lib/system/libsystem_malloc.dylib
0x00007fff6924c000 	/usr/lib/system/libsystem_networkextension.dylib
0x00007fff69258000 	/usr/lib/system/libsystem_notify.dylib
0x00007fff69275000 	/usr/lib/system/libsystem_sandbox.dylib
0x00007fff69279000 	/usr/lib/system/libsystem_secinit.dylib
0x00007fff691b2000 	/usr/lib/system/libsystem_kernel.dylib
0x00007fff69260000 	/usr/lib/system/libsystem_platform.dylib
0x00007fff6926a000 	/usr/lib/system/libsystem_pthread.dylib
0x00007fff6927c000 	/usr/lib/system/libsystem_symptoms.dylib
0x00007fff69284000 	/usr/lib/system/libsystem_trace.dylib
0x00007fff6929b000 	/usr/lib/system/libunwind.dylib
0x00007fff692a1000 	/usr/lib/system/libxpc.dylib
0x00007fff67f9d000 	/usr/lib/libobjc.A.dylib
0x00007fff667a7000 	/usr/lib/libc++abi.dylib
0x00007fff6674f000 	/usr/lib/libc++.1.dylib
0x00007fff3bd58000 	/System/Library/Frameworks/CoreFoundation.framework/Versions/A/CoreFoundation
0x00007fff3e0fb000 	/System/Library/Frameworks/Foundation.framework/Versions/C/Foundation
0x00007fff392bc000 	/System/Library/Frameworks/AppKit.framework/Versions/C/AppKit
0x00007fff3b8bf000 	/System/Library/Frameworks/CoreData.framework/Versions/A/CoreData
0x00007fff5f643000 	/System/Library/PrivateFrameworks/RemoteViewServices.framework/Versions/A/RemoteViewServices
0x00007fff64143000 	/System/Library/PrivateFrameworks/UIFoundation.framework/Versions/A/UIFoundation
0x00007fff658fb000 	/System/Library/PrivateFrameworks/XCTTargetBootstrap.framework/Versions/A/XCTTargetBootstrap
0x00007fff5a14a000 	/System/Library/PrivateFrameworks/IconServices.framework/Versions/A/IconServices
0x00007fff409c8000 	/System/Library/Frameworks/Metal.framework/Versions/A/Metal
0x00007fff5134c000 	/System/Library/PrivateFrameworks/DesktopServicesPriv.framework/Versions/A/DesktopServicesPriv
0x00007fff672b0000 	/usr/lib/libenergytrace.dylib
0x00007fff61eb4000 	/System/Library/PrivateFrameworks/SkyLight.framework/Versions/A/SkyLight
0x00007fff3c1a8000 	/System/Library/Frameworks/CoreGraphics.framework/Versions/A/CoreGraphics
0x00007fff37e8e000 	/System/Library/Frameworks/Accelerate.framework/Versions/A/Accelerate
0x00007fff3e885000 	/System/Library/Frameworks/IOSurface.framework/Versions/A/IOSurface
0x00007fff511ae000 	/System/Library/PrivateFrameworks/DFRFoundation.framework/Versions/A/DFRFoundation
0x00007fff3a634000 	/System/Library/Frameworks/AudioToolbox.framework/Versions/A/AudioToolbox
0x00007fff3a8d3000 	/System/Library/Frameworks/AudioUnit.framework/Versions/A/AudioUnit
0x00007fff51245000 	/System/Library/PrivateFrameworks/DataDetectorsCore.framework/Versions/A/DataDetectorsCore
0x00007fff3b012000 	/System/Library/Frameworks/Carbon.framework/Versions/A/Frameworks/HIToolbox.framework/Versions/A/HIToolbox
0x00007fff6740b000 	/usr/lib/libicucore.A.dylib
0x00007fff46d68000 	/System/Library/Frameworks/QuartzCore.framework/Versions/A/QuartzCore
0x00007fff3b3f9000 	/System/Library/Frameworks/Carbon.framework/Versions/A/Frameworks/SpeechRecognition.framework/Versions/A/SpeechRecognition
0x00007fff66658000 	/usr/lib/libauto.dylib
0x00007fff68d6b000 	/usr/lib/libxml2.2.dylib
0x00007fff50dad000 	/System/Library/PrivateFrameworks/CoreUI.framework/Versions/A/CoreUI
0x00007fff3b79d000 	/System/Library/Frameworks/CoreAudio.framework/Versions/A/CoreAudio
0x00007fff3df2d000 	/System/Library/Frameworks/DiskArbitration.framework/Versions/A/DiskArbitration
0x00007fff676bb000 	/usr/lib/liblangid.dylib
0x00007fff5b5fa000 	/System/Library/PrivateFrameworks/MultitouchSupport.framework/Versions/A/MultitouchSupport
0x00007fff3e7f0000 	/System/Library/Frameworks/IOKit.framework/Versions/A/IOKit
0x00007fff660c3000 	/usr/lib/libDiagnosticMessagesClient.dylib
0x00007fff3d033000 	/System/Library/Frameworks/CoreServices.framework/Versions/A/CoreServices
0x00007fff5d330000 	/System/Library/PrivateFrameworks/PerformanceAnalysis.framework/Versions/A/PerformanceAnalysis
0x00007fff45efd000 	/System/Library/Frameworks/OpenGL.framework/Versions/A/OpenGL
0x00007fff3b536000 	/System/Library/Frameworks/ColorSync.framework/Versions/A/ColorSync
0x00007fff3c854000 	/System/Library/Frameworks/CoreImage.framework/Versions/A/CoreImage
0x00007fff3da76000 	/System/Library/Frameworks/CoreText.framework/Versions/A/CoreText
0x00007fff3e8e6000 	/System/Library/Frameworks/ImageIO.framework/Versions/A/ImageIO
0x00007fff4d3e8000 	/System/Library/PrivateFrameworks/Backup.framework/Versions/A/Backup
0x00007fff6652b000 	/usr/lib/libarchive.2.dylib
0x00007fff3ac37000 	/System/Library/Frameworks/CFNetwork.framework/Versions/A/CFNetwork
0x00007fff47fc0000 	/System/Library/Frameworks/SystemConfiguration.framework/Versions/A/SystemConfiguration
0x00007fff65fec000 	/usr/lib/libCRFSuite.dylib
0x00007fff6672f000 	/usr/lib/libbsm.0.dylib
0x00007fff69094000 	/usr/lib/system/libkxld.dylib
0x00007fff4c695000 	/System/Library/PrivateFrameworks/AppleFSCompression.framework/Versions/A/AppleFSCompression
0x00007fff66334000 	/usr/lib/libOpenScriptingUtil.dylib
0x00007fff66a92000 	/usr/lib/libcoretls.dylib
0x00007fff66aa9000 	/usr/lib/libcoretls_cfhelpers.dylib
0x00007fff68739000 	/usr/lib/libpam.2.dylib
0x00007fff688fc000 	/usr/lib/libsqlite3.dylib
0x00007fff68d59000 	/usr/lib/libxar.1.dylib
0x00007fff66740000 	/usr/lib/libbz2.1.0.dylib
0x00007fff676bd000 	/usr/lib/liblzma.5.dylib
0x00007fff67bb3000 	/usr/lib/libnetwork.dylib
0x00007fff66514000 	/usr/lib/libapple_nghttp2.dylib
0x00007fff68740000 	/usr/lib/libpcap.A.dylib
0x00007fff3d3d7000 	/System/Library/Frameworks/CoreServices.framework/Versions/A/Frameworks/FSEvents.framework/Versions/A/FSEvents
0x00007fff3d0b3000 	/System/Library/Frameworks/CoreServices.framework/Versions/A/Frameworks/CarbonCore.framework/Versions/A/CarbonCore
0x00007fff3d5ac000 	/System/Library/Frameworks/CoreServices.framework/Versions/A/Frameworks/Metadata.framework/Versions/A/Metadata
0x00007fff3d64f000 	/System/Library/Frameworks/CoreServices.framework/Versions/A/Frameworks/OSServices.framework/Versions/A/OSServices
0x00007fff3d69b000 	/System/Library/Frameworks/CoreServices.framework/Versions/A/Frameworks/SearchKit.framework/Versions/A/SearchKit
0x00007fff3d034000 	/System/Library/Frameworks/CoreServices.framework/Versions/A/Frameworks/AE.framework/Versions/A/AE
0x00007fff3d3e0000 	/System/Library/Frameworks/CoreServices.framework/Versions/A/Frameworks/LaunchServices.framework/Versions/A/LaunchServices
0x00007fff3d38c000 	/System/Library/Frameworks/CoreServices.framework/Versions/A/Frameworks/DictionaryServices.framework/Versions/A/DictionaryServices
0x00007fff3d70a000 	/System/Library/Frameworks/CoreServices.framework/Versions/A/Frameworks/SharedFileList.framework/Versions/A/SharedFileList
0x00007fff41e8e000 	/System/Library/Frameworks/NetFS.framework/Versions/A/NetFS
0x00007fff5b897000 	/System/Library/PrivateFrameworks/NetAuth.framework/Versions/A/NetAuth
0x00007fff65d2f000 	/System/Library/PrivateFrameworks/login.framework/Versions/A/Frameworks/loginsupport.framework/Versions/A/loginsupport
0x00007fff63d3b000 	/System/Library/PrivateFrameworks/TCC.framework/Versions/A/TCC
0x00007fff503b5000 	/System/Library/PrivateFrameworks/CoreNLP.framework/Versions/A/CoreNLP
0x00007fff5b2eb000 	/System/Library/PrivateFrameworks/MetadataUtilities.framework/Versions/A/MetadataUtilities
0x00007fff6779e000 	/usr/lib/libmecabra.dylib
0x00007fff3a130000 	/System/Library/Frameworks/ApplicationServices.framework/Versions/A/Frameworks/ATS.framework/Versions/A/ATS
0x00007fff3a49b000 	/System/Library/Frameworks/ApplicationServices.framework/Versions/A/Frameworks/ColorSyncLegacy.framework/Versions/A/ColorSyncLegacy
0x00007fff3a53c000 	/System/Library/Frameworks/ApplicationServices.framework/Versions/A/Frameworks/HIServices.framework/Versions/A/HIServices
0x00007fff3a58f000 	/System/Library/Frameworks/ApplicationServices.framework/Versions/A/Frameworks/LangAnalysis.framework/Versions/A/LangAnalysis
0x00007fff3a59e000 	/System/Library/Frameworks/ApplicationServices.framework/Versions/A/Frameworks/PrintCore.framework/Versions/A/PrintCore
0x00007fff3a5eb000 	/System/Library/Frameworks/ApplicationServices.framework/Versions/A/Frameworks/QD.framework/Versions/A/QD
0x00007fff3a627000 	/System/Library/Frameworks/ApplicationServices.framework/Versions/A/Frameworks/SpeechSynthesis.framework/Versions/A/SpeechSynthesis
0x00007fff667cf000 	/usr/lib/libcompression.dylib
0x00007fff3bc6e000 	/System/Library/Frameworks/CoreDisplay.framework/Versions/A/CoreDisplay
0x00007fff40c90000 	/System/Library/Frameworks/MetalPerformanceShaders.framework/Versions/A/MetalPerformanceShaders
0x00007fff37ea6000 	/System/Library/Frameworks/Accelerate.framework/Versions/A/Frameworks/vImage.framework/Versions/A/vImage
0x00007fff3910b000 	/System/Library/Frameworks/Accelerate.framework/Versions/A/Frameworks/vecLib.framework/Versions/A/vecLib
0x00007fff38f93000 	/System/Library/Frameworks/Accelerate.framework/Versions/A/Frameworks/vecLib.framework/Versions/A/libvMisc.dylib
0x00007fff38df4000 	/System/Library/Frameworks/Accelerate.framework/Versions/A/Frameworks/vecLib.framework/Versions/A/libvDSP.dylib
0x00007fff3879b000 	/System/Library/Frameworks/Accelerate.framework/Versions/A/Frameworks/vecLib.framework/Versions/A/libBLAS.dylib
0x00007fff3898d000 	/System/Library/Frameworks/Accelerate.framework/Versions/A/Frameworks/vecLib.framework/Versions/A/libLAPACK.dylib
0x00007fff38d47000 	/System/Library/Frameworks/Accelerate.framework/Versions/A/Frameworks/vecLib.framework/Versions/A/libLinearAlgebra.dylib
0x00007fff38de1000 	/System/Library/Frameworks/Accelerate.framework/Versions/A/Frameworks/vecLib.framework/Versions/A/libSparseBLAS.dylib
0x00007fff38d5d000 	/System/Library/Frameworks/Accelerate.framework/Versions/A/Frameworks/vecLib.framework/Versions/A/libQuadrature.dylib
0x00007fff38947000 	/System/Library/Frameworks/Accelerate.framework/Versions/A/Frameworks/vecLib.framework/Versions/A/libBNNS.dylib
0x00007fff38d63000 	/System/Library/Frameworks/Accelerate.framework/Versions/A/Frameworks/vecLib.framework/Versions/A/libSparse.dylib
0x00007fff578dc000 	/System/Library/PrivateFrameworks/GPUWrangler.framework/Versions/A/GPUWrangler
0x00007fff59d11000 	/System/Library/PrivateFrameworks/IOAccelerator.framework/Versions/A/IOAccelerator
0x00007fff59d1c000 	/System/Library/PrivateFrameworks/IOPresentment.framework/Versions/A/IOPresentment
0x00007fff511be000 	/System/Library/PrivateFrameworks/DSExternalDisplay.framework/Versions/A/DSExternalDisplay
0x00007fff45342000 	/System/Library/Frameworks/OpenGL.framework/Versions/A/Libraries/libCoreFSCache.dylib
0x00007fff40a78000 	/System/Library/Frameworks/MetalPerformanceShaders.framework/Frameworks/MPSCore.framework/Versions/A/MPSCore
0x00007fff40a99000 	/System/Library/Frameworks/MetalPerformanceShaders.framework/Frameworks/MPSImage.framework/Versions/A/MPSImage
0x00007fff40b41000 	/System/Library/Frameworks/MetalPerformanceShaders.framework/Frameworks/MPSNeuralNetwork.framework/Versions/A/MPSNeuralNetwork
0x00007fff40b18000 	/System/Library/Frameworks/MetalPerformanceShaders.framework/Frameworks/MPSMatrix.framework/Versions/A/MPSMatrix
0x00007fff40c74000 	/System/Library/Frameworks/MetalPerformanceShaders.framework/Frameworks/MPSRayIntersector.framework/Versions/A/MPSRayIntersector
0x00007fff5b314000 	/System/Library/PrivateFrameworks/MetalTools.framework/Versions/A/MetalTools
0x00007fff4bd8f000 	/System/Library/PrivateFrameworks/AggregateDictionary.framework/Versions/A/AggregateDictionary
0x00007fff66314000 	/usr/lib/libMobileGestalt.dylib
0x00007fff3dbdc000 	/System/Library/Frameworks/CoreVideo.framework/Versions/A/CoreVideo
0x00007fff5874c000 	/System/Library/PrivateFrameworks/GraphVisualizer.framework/Versions/A/GraphVisualizer
0x00007fff524e7000 	/System/Library/PrivateFrameworks/FaceCore.framework/Versions/A/FaceCore
0x00007fff4495a000 	/System/Library/Frameworks/OpenCL.framework/Versions/A/OpenCL
0x00007fff660fb000 	/usr/lib/libFosl_dynamic.dylib
0x00007fff5c16f000 	/System/Library/PrivateFrameworks/OTSVG.framework/Versions/A/OTSVG
0x00007fff3a234000 	/System/Library/Frameworks/ApplicationServices.framework/Versions/A/Frameworks/ATS.framework/Versions/A/Resources/libFontParser.dylib
0x00007fff3a354000 	/System/Library/Frameworks/ApplicationServices.framework/Versions/A/Frameworks/ATS.framework/Versions/A/Resources/libFontRegistry.dylib
0x00007fff3eb73000 	/System/Library/Frameworks/ImageIO.framework/Versions/A/Resources/libJPEG.dylib
0x00007fff3ee96000 	/System/Library/Frameworks/ImageIO.framework/Versions/A/Resources/libTIFF.dylib
0x00007fff3ee6c000 	/System/Library/Frameworks/ImageIO.framework/Versions/A/Resources/libPng.dylib
0x00007fff3ea88000 	/System/Library/Frameworks/ImageIO.framework/Versions/A/Resources/libGIF.dylib
0x00007fff3ea8d000 	/System/Library/Frameworks/ImageIO.framework/Versions/A/Resources/libJP2.dylib
0x00007fff3ee93000 	/System/Library/Frameworks/ImageIO.framework/Versions/A/Resources/libRadiance.dylib
0x00007fff4c7ee000 	/System/Library/PrivateFrameworks/AppleJPEG.framework/Versions/A/AppleJPEG
0x00007fff4534d000 	/System/Library/Frameworks/OpenGL.framework/Versions/A/Libraries/libGFXShared.dylib
0x00007fff45510000 	/System/Library/Frameworks/OpenGL.framework/Versions/A/Libraries/libGLU.dylib
0x00007fff45356000 	/System/Library/Frameworks/OpenGL.framework/Versions/A/Libraries/libGL.dylib
0x00007fff45362000 	/System/Library/Frameworks/OpenGL.framework/Versions/A/Libraries/libGLImage.dylib
0x00007fff4533f000 	/System/Library/Frameworks/OpenGL.framework/Versions/A/Libraries/libCVMSPluginSupport.dylib
0x00007fff45348000 	/System/Library/Frameworks/OpenGL.framework/Versions/A/Libraries/libCoreVMClient.dylib
0x00007fff67121000 	/usr/lib/libcups.2.dylib
0x00007fff3ff8d000 	/System/Library/Frameworks/Kerberos.framework/Versions/A/Kerberos
0x00007fff3e53a000 	/System/Library/Frameworks/GSS.framework/Versions/A/GSS
0x00007fff68890000 	/usr/lib/libresolv.9.dylib
0x00007fff67319000 	/usr/lib/libiconv.2.dylib
0x00007fff588ac000 	/System/Library/PrivateFrameworks/Heimdal.framework/Versions/A/Heimdal
0x00007fff672e8000 	/usr/lib/libheimdal-asn1.dylib
0x00007fff449d0000 	/System/Library/Frameworks/OpenDirectory.framework/Versions/A/OpenDirectory
0x00007fff4f0b1000 	/System/Library/PrivateFrameworks/CommonAuth.framework/Versions/A/CommonAuth
0x00007fff449b3000 	/System/Library/Frameworks/OpenDirectory.framework/Versions/A/Frameworks/CFOpenDirectory.framework/Versions/A/CFOpenDirectory
0x00007fff47b3e000 	/System/Library/Frameworks/SecurityFoundation.framework/Versions/A/SecurityFoundation
0x00007fff4b29e000 	/System/Library/PrivateFrameworks/APFS.framework/Versions/A/APFS
0x00007fff68d55000 	/usr/lib/libutil.dylib
0x00007fff667bd000 	/usr/lib/libcharset.1.dylib
0x00007fff4ca8a000 	/System/Library/PrivateFrameworks/AppleSauce.framework/Versions/A/AppleSauce
0x00007fff4cc18000 	/System/Library/PrivateFrameworks/AssertionServices.framework/Versions/A/AssertionServices
0x00007fff4d48b000 	/System/Library/PrivateFrameworks/BaseBoard.framework/Versions/A/BaseBoard
0x00007fff676ed000 	/usr/lib/libmecab.1.0.0.dylib
0x00007fff672e2000 	/usr/lib/libgermantok.dylib
0x00007fff66500000 	/usr/lib/libThaiTokenizer.dylib
0x00007fff66027000 	/usr/lib/libChineseTokenizer.dylib
0x00007fff5a448000 	/System/Library/PrivateFrameworks/LanguageModeling.framework/Versions/A/LanguageModeling
0x00007fff4fdcb000 	/System/Library/PrivateFrameworks/CoreEmoji.framework/Versions/A/CoreEmoji
0x00007fff5a540000 	/System/Library/PrivateFrameworks/Lexicon.framework/Versions/A/Lexicon
0x00007fff5a588000 	/System/Library/PrivateFrameworks/LinguisticData.framework/Versions/A/LinguisticData
0x00007fff667be000 	/usr/lib/libcmph.dylib
0x00007fff47bff000 	/System/Library/Frameworks/ServiceManagement.framework/Versions/A/ServiceManagement
0x00007fff4d3de000 	/System/Library/PrivateFrameworks/BackgroundTaskManagement.framework/Versions/A/BackgroundTaskManagement
0x00007fff68e4f000 	/usr/lib/libxslt.1.dylib
0x00007fff3b324000 	/System/Library/Frameworks/Carbon.framework/Versions/A/Frameworks/Ink.framework/Versions/A/Ink
0x00007fff63fbb000 	/System/Library/PrivateFrameworks/TextureIO.framework/Versions/A/TextureIO
0x00007fff66555000 	/usr/lib/libate.dylib
0x00007fff5111a000 	/System/Library/PrivateFrameworks/CrashReporterSupport.framework/Versions/A/CrashReporterSupport
0x00007fff60fdc000 	/System/Library/PrivateFrameworks/Sharing.framework/Versions/A/Sharing
0x00007fff4cf6a000 	/System/Library/PrivateFrameworks/AuthKit.framework/Versions/A/AuthKit
0x00007fff4c38d000 	/System/Library/PrivateFrameworks/Apple80211.framework/Versions/A/Apple80211
0x00007fff50eda000 	/System/Library/PrivateFrameworks/CoreUtils.framework/Versions/A/CoreUtils
0x00007fff3dc1a000 	/System/Library/Frameworks/CoreWLAN.framework/Versions/A/CoreWLAN
0x00007fff3e684000 	/System/Library/Frameworks/IOBluetooth.framework/Versions/A/IOBluetooth
0x00007fff5f2fe000 	/System/Library/PrivateFrameworks/ProtocolBuffer.framework/Versions/A/ProtocolBuffer
0x00007fff5b551000 	/System/Library/PrivateFrameworks/MobileKeyBag.framework/Versions/A/MobileKeyBag
0x00007fff506f2000 	/System/Library/PrivateFrameworks/CorePhoneNumbers.framework/Versions/A/CorePhoneNumbers
0x00007fff4c7a2000 	/System/Library/PrivateFrameworks/AppleIDAuthSupport.framework/Versions/A/AppleIDAuthSupport
0x00007fff5a419000 	/System/Library/PrivateFrameworks/KeychainCircle.framework/Versions/A/KeychainCircle
0x00007fff5f4cb000 	/System/Library/PrivateFrameworks/ROCKit.framework/Versions/A/ROCKit
0x00007fff510b6000 	/System/Library/PrivateFrameworks/CoreWiFi.framework/Versions/A/CoreWiFi
0x00007fff3b893000 	/System/Library/Frameworks/CoreBluetooth.framework/Versions/A/CoreBluetooth
0x00007fff5130a000 	/System/Library/PrivateFrameworks/DebugSymbols.framework/Versions/A/DebugSymbols
0x00007fff50c8f000 	/System/Library/PrivateFrameworks/CoreSymbolication.framework/Versions/A/CoreSymbolication
0x00007fff637a5000 	/System/Library/PrivateFrameworks/Symbolication.framework/Versions/A/Symbolication
0x00007fff62937000 	/System/Library/PrivateFrameworks/SpeechRecognitionCore.framework/Versions/A/SpeechRecognitionCore
0x0000000103000000 	/usr/local/Cellar/openjdk/16.0.1/libexec/openjdk.jdk/Contents/Home/lib/server/libjvm.dylib
0x0000000101ee4000 	/usr/local/Cellar/openjdk/16.0.1/libexec/openjdk.jdk/Contents/Home/lib/libjimage.dylib
0x0000000101eee000 	/usr/local/Cellar/openjdk/16.0.1/libexec/openjdk.jdk/Contents/Home/lib/libinstrument.dylib
0x0000000101efb000 	/usr/local/Cellar/openjdk/16.0.1/libexec/openjdk.jdk/Contents/Home/lib/./libjava.dylib
0x0000000101ff7000 	/usr/local/Cellar/openjdk/16.0.1/libexec/openjdk.jdk/Contents/Home/lib/libzip.dylib
0x0000000104fa5000 	/usr/local/Cellar/openjdk/16.0.1/libexec/openjdk.jdk/Contents/Home/lib/libnio.dylib
0x0000000128322000 	/usr/local/Cellar/openjdk/16.0.1/libexec/openjdk.jdk/Contents/Home/lib/./libnet.dylib
0x0000000104fb5000 	/usr/local/Cellar/openjdk/16.0.1/libexec/openjdk.jdk/Contents/Home/lib/libextnet.dylib
0x00000001283bf000 	/usr/local/Cellar/openjdk/16.0.1/libexec/openjdk.jdk/Contents/Home/lib/libmanagement.dylib
0x00000001283c5000 	/usr/local/Cellar/openjdk/16.0.1/libexec/openjdk.jdk/Contents/Home/lib/libmanagement_ext.dylib


VM Arguments:
jvm_args: -XX:TieredStopAtLevel=1 -Xverify:none -Dspring.output.ansi.enabled=always -javaagent:/Applications/IntelliJ IDEA.app/Contents/lib/idea_rt.jar=50305:/Applications/IntelliJ IDEA.app/Contents/bin -Dcom.sun.management.jmxremote -Dspring.jmx.enabled=true -Dspring.liveBeansView.mbeanDomain -Dspring.application.admin.enabled=true -Dfile.encoding=UTF-8 
java_command: de.tomze.backend.BackendApplication
java_class_path (initial): /Users/thomasbenediktzeisner/Desktop/eigene Projekte/CancerCompanion/backend/target/classes:/Users/thomasbenediktzeisner/.m2/repository/org/springframework/boot/spring-boot-starter-web/2.5.3/spring-boot-starter-web-2.5.3.jar:/Users/thomasbenediktzeisner/.m2/repository/org/springframework/boot/spring-boot-starter/2.5.3/spring-boot-starter-2.5.3.jar:/Users/thomasbenediktzeisner/.m2/repository/org/springframework/boot/spring-boot/2.5.3/spring-boot-2.5.3.jar:/Users/thomasbenediktzeisner/.m2/repository/org/springframework/boot/spring-boot-autoconfigure/2.5.3/spring-boot-autoconfigure-2.5.3.jar:/Users/thomasbenediktzeisner/.m2/repository/org/springframework/boot/spring-boot-starter-logging/2.5.3/spring-boot-starter-logging-2.5.3.jar:/Users/thomasbenediktzeisner/.m2/repository/ch/qos/logback/logback-classic/1.2.4/logback-classic-1.2.4.jar:/Users/thomasbenediktzeisner/.m2/repository/ch/qos/logback/logback-core/1.2.4/logback-core-1.2.4.jar:/Users/thomasbenediktzeisner/.m2/repository/org/apache/logging/log4j/log4j-to-slf4j/2.14.1/log4j-to-slf4j-2.14.1.jar:/Users/thomasbenediktzeisner/.m2/repository/org/apache/logging/log4j/log4j-api/2.14.1/log4j-api-2.14.1.jar:/Users/thomasbenediktzeisner/.m2/repository/org/slf4j/jul-to-slf4j/1.7.32/jul-to-slf4j-1.7.32.jar:/Users/thomasbenediktzeisner/.m2/repository/jakarta/annotation/jakarta.annotation-api/1.3.5/jakarta.annotation-api-1.3.5.jar:/Users/thomasbenediktzeisner/.m2/repository/org/yaml/snakeyaml/1.28/snakeyaml-1.28.jar:/Users/thomasbenediktzeisner/.m2/repository/org/springframework/boot/spring-boot-starter-json/2.5.3/spring-boot-starter-json-2.5.3.jar:/Users/thomasbenediktzeisner/.m2/repository/com/fasterxml/jackson/datatype/jackson-datatype-jdk8/2.12.4/jackson-datatype-jdk8-2.12.4.jar:/Users/thomasbenediktzeisner/.m2/repository/com/fasterxml/jackson/datatype/jackson-datatype-jsr310/2.12.4/jackson-datatype-jsr310-2.12.4.jar:/Users/thomasbenediktzeisner/.m2/repository/com/fasterxml/jackson/module/jackso
Launcher Type: SUN_STANDARD

[Global flags]
     intx CICompilerCount                          = 4                                         {product} {ergonomic}
     uint ConcGCThreads                            = 2                                         {product} {ergonomic}
     uint G1ConcRefinementThreads                  = 8                                         {product} {ergonomic}
   size_t G1HeapRegionSize                         = 2097152                                   {product} {ergonomic}
    uintx GCDrainStackTargetSize                   = 64                                        {product} {ergonomic}
   size_t InitialHeapSize                          = 268435456                                 {product} {ergonomic}
     bool ManagementServer                         = true                                      {product} {command line}
   size_t MarkStackSize                            = 4194304                                   {product} {ergonomic}
   size_t MaxHeapSize                              = 4294967296                                {product} {ergonomic}
   size_t MaxNewSize                               = 2575302656                                {product} {ergonomic}
   size_t MinHeapDeltaBytes                        = 2097152                                   {product} {ergonomic}
   size_t MinHeapSize                              = 8388608                                   {product} {ergonomic}
    uintx NonNMethodCodeHeapSize                   = 7549744                                {pd product} {ergonomic}
    uintx NonProfiledCodeHeapSize                  = 244108496                              {pd product} {ergonomic}
    uintx ProfiledCodeHeapSize                     = 0                                      {pd product} {ergonomic}
    uintx ReservedCodeCacheSize                    = 251658240                              {pd product} {ergonomic}
     bool SegmentedCodeCache                       = true                                      {product} {ergonomic}
   size_t SoftMaxHeapSize                          = 4294967296                             {manageable} {ergonomic}
     intx TieredStopAtLevel                        = 1                                         {product} {command line}
     bool UseCompressedClassPointers               = true                           {product lp64_product} {ergonomic}
     bool UseCompressedOops                        = true                           {product lp64_product} {ergonomic}
     bool UseG1GC                                  = true                                      {product} {ergonomic}
     bool UseNUMA                                  = false                                     {product} {ergonomic}
     bool UseNUMAInterleaving                      = false                                     {product} {ergonomic}

Logging:
Log output configuration:
 #0: stdout all=warning uptime,level,tags
 #1: stderr all=off uptime,level,tags

Environment Variables:
PATH=/usr/local/opt/openjdk/bin:/usr/local/bin:/usr/bin:/bin:/usr/sbin:/sbin:/Library/TeX/texbin
SHELL=/bin/bash
LC_CTYPE=de_DE.UTF-8

Signal Handlers:
SIGSEGV: [libjvm.dylib+0x82b2ce], sa_mask[0]=11100110000111110111111111111111, sa_flags=SA_ONSTACK|SA_RESTART|SA_SIGINFO
SIGBUS: [libjvm.dylib+0x82b2ce], sa_mask[0]=11100110000111110111111111111111, sa_flags=SA_RESTART|SA_SIGINFO
SIGFPE: [libjvm.dylib+0x82b2ce], sa_mask[0]=11100110000111110111111111111111, sa_flags=SA_RESTART|SA_SIGINFO
SIGPIPE: [libjvm.dylib+0x740a15], sa_mask[0]=11100110000111110111111111111111, sa_flags=SA_RESTART|SA_SIGINFO
SIGXFSZ: [libjvm.dylib+0x740a15], sa_mask[0]=11100110000111110111111111111111, sa_flags=SA_RESTART|SA_SIGINFO
SIGILL: [libjvm.dylib+0x82b2ce], sa_mask[0]=11100110000111110111111111111111, sa_flags=SA_RESTART|SA_SIGINFO
SIGUSR2: [libjvm.dylib+0x741004], sa_mask[0]=00100000000000000000000000000000, sa_flags=SA_RESTART|SA_SIGINFO
SIGHUP: [libjvm.dylib+0x74015b], sa_mask[0]=11100110000111110111111111111111, sa_flags=SA_RESTART|SA_SIGINFO
SIGINT: [libjvm.dylib+0x74015b], sa_mask[0]=11100110000111110111111111111111, sa_flags=SA_RESTART|SA_SIGINFO
SIGTERM: [libjvm.dylib+0x74015b], sa_mask[0]=11100110000111110111111111111111, sa_flags=SA_RESTART|SA_SIGINFO
SIGQUIT: [libjvm.dylib+0x74015b], sa_mask[0]=11100110000111110111111111111111, sa_flags=SA_RESTART|SA_SIGINFO
SIGTRAP: [libjvm.dylib+0x82b2ce], sa_mask[0]=11100110000111110111111111111111, sa_flags=SA_RESTART|SA_SIGINFO


---------------  S Y S T E M  ---------------

OS:uname: Darwin 18.2.0 Darwin Kernel Version 18.2.0: Thu Dec 20 20:46:53 PST 2018; root:xnu-4903.241.1~1/RELEASE_X86_64 x86_64
OS uptime: 14 days 10:40 hours
rlimit (soft/hard): STACK 8192k/65532k , CORE 0k/infinity , NPROC 1418/2128 , NOFILE 10240/infinity , AS infinity/infinity , CPU infinity/infinity , DATA infinity/infinity , FSIZE infinity/infinity , MEMLOCK infinity/infinity , RSS infinity/infinity
load average: 4.28 4.42 4.23

CPU: total 8 (initial active 8) (4 cores per cpu, 2 threads per core) family 6 model 58 stepping 9 microcode 0x21, cx8, cmov, fxsr, ht, mmx, sse, sse2, sse3, ssse3, sse4.1, sse4.2, popcnt, tsc, tscinvbit, avx, aes, erms, clmul, vzeroupper, clflush

Memory: 4k page, physical 16777216k(230144k free), swap 9437184k(2040832k free)

vm_info: OpenJDK 64-Bit Server VM (16.0.1+0) for bsd-amd64 JRE (16.0.1+0), built on May 30 2021 10:42:11 by "brew" with clang 4.2.1 Compatible Apple LLVM 11.0.0 (clang-1100.0.33.17)

END.
